2024-03-22 02:14:05.731 [http-nio-8080-exec-1] INFO 
				jdbc.resultsettable - 
|---------|
|count(*) |
|---------|
|3        |
|---------|

2024-03-22 02:14:05.731 [http-nio-8080-exec-1] INFO 
				jdbc.resultsettable - 
|---------|-------|--------|-----------------|-------------------------------------------------------------|---------|----------------------|
|board_id |writer |subject |content          |passwd                                                       |read_cnt |enroll_at             |
|---------|-------|--------|-----------------|-------------------------------------------------------------|---------|----------------------|
|103306   |c      |c       |<p>c 비번입니당</p>
 |$2a$10$6adDoI4GmLjYz0Hts7ghpOa2IrkUDObFUWcyKaoRqUHR0M9q.n.Wu |32       |2024-03-21 22:52:34.0 |
|103305   |b      |b       |<p>b</p>
       |b                                                            |0        |2024-03-21 12:16:03.0 |
|103304   |a      |a       |<p>a</p>
       |a                                                            |2        |2024-03-21 12:14:43.0 |
|---------|-------|--------|-----------------|-------------------------------------------------------------|---------|----------------------|

2024-03-22 02:14:08.401 [http-nio-8080-exec-4] INFO 
				jdbc.resultsettable - 
|---------|-------|--------|-----------------|-------------------------------------------------------------|---------|----------------------|
|board_id |writer |subject |content          |passwd                                                       |read_cnt |enroll_at             |
|---------|-------|--------|-----------------|-------------------------------------------------------------|---------|----------------------|
|103306   |c      |c       |<p>c 비번입니당</p>
 |$2a$10$6adDoI4GmLjYz0Hts7ghpOa2IrkUDObFUWcyKaoRqUHR0M9q.n.Wu |33       |2024-03-21 22:52:34.0 |
|---------|-------|--------|-----------------|-------------------------------------------------------------|---------|----------------------|

2024-03-22 02:14:09.687 [http-nio-8080-exec-5] INFO 
				jdbc.resultsettable - 
|---------|-------|--------|-----------------|-------------------------------------------------------------|---------|----------------------|
|board_id |writer |subject |content          |passwd                                                       |read_cnt |enroll_at             |
|---------|-------|--------|-----------------|-------------------------------------------------------------|---------|----------------------|
|103306   |c      |c       |<p>c 비번입니당</p>
 |$2a$10$6adDoI4GmLjYz0Hts7ghpOa2IrkUDObFUWcyKaoRqUHR0M9q.n.Wu |33       |2024-03-21 22:52:34.0 |
|---------|-------|--------|-----------------|-------------------------------------------------------------|---------|----------------------|

2024-03-22 02:14:12.810 [http-nio-8080-exec-6] INFO 
				jdbc.resultsettable - 
|-------------------------------------------------------------|
|passwd                                                       |
|-------------------------------------------------------------|
|$2a$10$6adDoI4GmLjYz0Hts7ghpOa2IrkUDObFUWcyKaoRqUHR0M9q.n.Wu |
|-------------------------------------------------------------|

2024-03-22 02:14:12.938 [http-nio-8080-exec-7] INFO 
				jdbc.resultsettable - 
|---------|-------|--------|-----------------|-------------------------------------------------------------|---------|----------------------|
|board_id |writer |subject |content          |passwd                                                       |read_cnt |enroll_at             |
|---------|-------|--------|-----------------|-------------------------------------------------------------|---------|----------------------|
|103306   |c      |c       |<p>c 비번입니당</p>
 |$2a$10$6adDoI4GmLjYz0Hts7ghpOa2IrkUDObFUWcyKaoRqUHR0M9q.n.Wu |33       |2024-03-21 22:52:34.0 |
|---------|-------|--------|-----------------|-------------------------------------------------------------|---------|----------------------|

2024-03-22 15:36:35.897 [http-nio-8080-exec-1] INFO 
				jdbc.resultsettable - 
|---------|
|count(*) |
|---------|
|3        |
|---------|

2024-03-22 15:36:35.917 [http-nio-8080-exec-1] INFO 
				jdbc.resultsettable - 
|---------|-------|--------|-------------------|-------------------------------------------------------------|---------|----------------------|
|board_id |writer |subject |content            |passwd                                                       |read_cnt |enroll_at             |
|---------|-------|--------|-------------------|-------------------------------------------------------------|---------|----------------------|
|103306   |c      |c       |<p>c 비번입니당dd</p>
 |$2a$10$6adDoI4GmLjYz0Hts7ghpOa2IrkUDObFUWcyKaoRqUHR0M9q.n.Wu |33       |2024-03-22 02:14:15.0 |
|103305   |b      |b       |<p>b</p>
         |b                                                            |0        |2024-03-21 12:16:03.0 |
|103304   |a      |a       |<p>a</p>
         |a                                                            |2        |2024-03-21 12:14:43.0 |
|---------|-------|--------|-------------------|-------------------------------------------------------------|---------|----------------------|

2024-03-22 15:36:41.192 [http-nio-8080-exec-4] INFO 
				jdbc.resultsettable - 
|---------|-------|--------|-------------------|-------------------------------------------------------------|---------|----------------------|
|board_id |writer |subject |content            |passwd                                                       |read_cnt |enroll_at             |
|---------|-------|--------|-------------------|-------------------------------------------------------------|---------|----------------------|
|103306   |c      |c       |<p>c 비번입니당dd</p>
 |$2a$10$6adDoI4GmLjYz0Hts7ghpOa2IrkUDObFUWcyKaoRqUHR0M9q.n.Wu |34       |2024-03-22 02:14:15.0 |
|---------|-------|--------|-------------------|-------------------------------------------------------------|---------|----------------------|

2024-03-22 15:36:42.878 [http-nio-8080-exec-5] INFO 
				jdbc.resultsettable - 
|---------|-------|--------|-------------------|-------------------------------------------------------------|---------|----------------------|
|board_id |writer |subject |content            |passwd                                                       |read_cnt |enroll_at             |
|---------|-------|--------|-------------------|-------------------------------------------------------------|---------|----------------------|
|103306   |c      |c       |<p>c 비번입니당dd</p>
 |$2a$10$6adDoI4GmLjYz0Hts7ghpOa2IrkUDObFUWcyKaoRqUHR0M9q.n.Wu |34       |2024-03-22 02:14:15.0 |
|---------|-------|--------|-------------------|-------------------------------------------------------------|---------|----------------------|

2024-03-22 15:36:45.743 [http-nio-8080-exec-6] INFO 
				jdbc.resultsettable - 
|-------------------------------------------------------------|
|passwd                                                       |
|-------------------------------------------------------------|
|$2a$10$6adDoI4GmLjYz0Hts7ghpOa2IrkUDObFUWcyKaoRqUHR0M9q.n.Wu |
|-------------------------------------------------------------|

2024-03-22 15:36:45.980 [http-nio-8080-exec-7] INFO 
				jdbc.resultsettable - 
|---------|-------|--------|-------------------|-------------------------------------------------------------|---------|----------------------|
|board_id |writer |subject |content            |passwd                                                       |read_cnt |enroll_at             |
|---------|-------|--------|-------------------|-------------------------------------------------------------|---------|----------------------|
|103306   |c      |c       |<p>c 비번입니당dd</p>
 |$2a$10$6adDoI4GmLjYz0Hts7ghpOa2IrkUDObFUWcyKaoRqUHR0M9q.n.Wu |34       |2024-03-22 02:14:15.0 |
|---------|-------|--------|-------------------|-------------------------------------------------------------|---------|----------------------|

2024-03-22 17:16:33.848 [http-nio-8080-exec-3] INFO 
				jdbc.resultsettable - 
|---------|
|count(*) |
|---------|
|3        |
|---------|

2024-03-22 17:16:33.856 [http-nio-8080-exec-3] INFO 
				jdbc.resultsettable - 
|---------|-------|--------|-----------------|-------------------------------------------------------------|---------|----------------------|
|board_id |writer |subject |content          |passwd                                                       |read_cnt |enroll_at             |
|---------|-------|--------|-----------------|-------------------------------------------------------------|---------|----------------------|
|103306   |c      |c       |<p>c 비번입니당</p>
 |$2a$10$6adDoI4GmLjYz0Hts7ghpOa2IrkUDObFUWcyKaoRqUHR0M9q.n.Wu |34       |2024-03-22 15:36:49.0 |
|103305   |b      |b       |<p>b</p>
       |b                                                            |0        |2024-03-21 12:16:03.0 |
|103304   |a      |a       |<p>a</p>
       |a                                                            |2        |2024-03-21 12:14:43.0 |
|---------|-------|--------|-----------------|-------------------------------------------------------------|---------|----------------------|

2024-03-22 17:16:35.316 [http-nio-8080-exec-6] INFO 
				jdbc.resultsettable - 
|---------|-------|--------|-----------------|-------------------------------------------------------------|---------|----------------------|
|board_id |writer |subject |content          |passwd                                                       |read_cnt |enroll_at             |
|---------|-------|--------|-----------------|-------------------------------------------------------------|---------|----------------------|
|103306   |c      |c       |<p>c 비번입니당</p>
 |$2a$10$6adDoI4GmLjYz0Hts7ghpOa2IrkUDObFUWcyKaoRqUHR0M9q.n.Wu |35       |2024-03-22 15:36:49.0 |
|---------|-------|--------|-----------------|-------------------------------------------------------------|---------|----------------------|

2024-03-22 17:16:36.580 [http-nio-8080-exec-7] INFO 
				jdbc.resultsettable - 
|---------|-------|--------|-----------------|-------------------------------------------------------------|---------|----------------------|
|board_id |writer |subject |content          |passwd                                                       |read_cnt |enroll_at             |
|---------|-------|--------|-----------------|-------------------------------------------------------------|---------|----------------------|
|103306   |c      |c       |<p>c 비번입니당</p>
 |$2a$10$6adDoI4GmLjYz0Hts7ghpOa2IrkUDObFUWcyKaoRqUHR0M9q.n.Wu |35       |2024-03-22 15:36:49.0 |
|---------|-------|--------|-----------------|-------------------------------------------------------------|---------|----------------------|

2024-03-22 17:16:38.530 [http-nio-8080-exec-9] INFO 
				jdbc.resultsettable - 
|-------------------------------------------------------------|
|passwd                                                       |
|-------------------------------------------------------------|
|$2a$10$6adDoI4GmLjYz0Hts7ghpOa2IrkUDObFUWcyKaoRqUHR0M9q.n.Wu |
|-------------------------------------------------------------|

2024-03-22 17:16:38.764 [http-nio-8080-exec-8] INFO 
				jdbc.resultsettable - 
|---------|-------|--------|-----------------|-------------------------------------------------------------|---------|----------------------|
|board_id |writer |subject |content          |passwd                                                       |read_cnt |enroll_at             |
|---------|-------|--------|-----------------|-------------------------------------------------------------|---------|----------------------|
|103306   |c      |c       |<p>c 비번입니당</p>
 |$2a$10$6adDoI4GmLjYz0Hts7ghpOa2IrkUDObFUWcyKaoRqUHR0M9q.n.Wu |35       |2024-03-22 15:36:49.0 |
|---------|-------|--------|-----------------|-------------------------------------------------------------|---------|----------------------|

2024-03-22 17:18:44.747 [http-nio-8080-exec-1] INFO 
				jdbc.resultsettable - 
|---------|-------|--------|---------------|-------------------------------------------------------------|---------|----------------------|
|board_id |writer |subject |content        |passwd                                                       |read_cnt |enroll_at             |
|---------|-------|--------|---------------|-------------------------------------------------------------|---------|----------------------|
|103306   |c      |c       |<p>c 비번입</p>
 |$2a$10$6adDoI4GmLjYz0Hts7ghpOa2IrkUDObFUWcyKaoRqUHR0M9q.n.Wu |35       |2024-03-22 17:16:42.0 |
|---------|-------|--------|---------------|-------------------------------------------------------------|---------|----------------------|

2024-03-22 17:18:45.923 [http-nio-8080-exec-5] INFO 
				jdbc.resultsettable - 
|---------|-------|--------|---------------|-------------------------------------------------------------|---------|----------------------|
|board_id |writer |subject |content        |passwd                                                       |read_cnt |enroll_at             |
|---------|-------|--------|---------------|-------------------------------------------------------------|---------|----------------------|
|103306   |c      |c       |<p>c 비번입</p>
 |$2a$10$6adDoI4GmLjYz0Hts7ghpOa2IrkUDObFUWcyKaoRqUHR0M9q.n.Wu |35       |2024-03-22 17:16:42.0 |
|---------|-------|--------|---------------|-------------------------------------------------------------|---------|----------------------|

2024-03-22 17:18:46.721 [http-nio-8080-exec-4] INFO 
				jdbc.resultsettable - 
|---------|-------|--------|---------------|-------------------------------------------------------------|---------|----------------------|
|board_id |writer |subject |content        |passwd                                                       |read_cnt |enroll_at             |
|---------|-------|--------|---------------|-------------------------------------------------------------|---------|----------------------|
|103306   |c      |c       |<p>c 비번입</p>
 |$2a$10$6adDoI4GmLjYz0Hts7ghpOa2IrkUDObFUWcyKaoRqUHR0M9q.n.Wu |35       |2024-03-22 17:16:42.0 |
|---------|-------|--------|---------------|-------------------------------------------------------------|---------|----------------------|

2024-03-22 17:18:46.866 [http-nio-8080-exec-6] INFO 
				jdbc.resultsettable - 
|---------|-------|--------|---------------|-------------------------------------------------------------|---------|----------------------|
|board_id |writer |subject |content        |passwd                                                       |read_cnt |enroll_at             |
|---------|-------|--------|---------------|-------------------------------------------------------------|---------|----------------------|
|103306   |c      |c       |<p>c 비번입</p>
 |$2a$10$6adDoI4GmLjYz0Hts7ghpOa2IrkUDObFUWcyKaoRqUHR0M9q.n.Wu |35       |2024-03-22 17:16:42.0 |
|---------|-------|--------|---------------|-------------------------------------------------------------|---------|----------------------|

2024-03-22 17:18:48.617 [http-nio-8080-exec-7] INFO 
				jdbc.resultsettable - 
|-------------------------------------------------------------|
|passwd                                                       |
|-------------------------------------------------------------|
|$2a$10$6adDoI4GmLjYz0Hts7ghpOa2IrkUDObFUWcyKaoRqUHR0M9q.n.Wu |
|-------------------------------------------------------------|

2024-03-22 17:18:48.859 [http-nio-8080-exec-9] INFO 
				jdbc.resultsettable - 
|---------|-------|--------|---------------|-------------------------------------------------------------|---------|----------------------|
|board_id |writer |subject |content        |passwd                                                       |read_cnt |enroll_at             |
|---------|-------|--------|---------------|-------------------------------------------------------------|---------|----------------------|
|103306   |c      |c       |<p>c 비번입</p>
 |$2a$10$6adDoI4GmLjYz0Hts7ghpOa2IrkUDObFUWcyKaoRqUHR0M9q.n.Wu |35       |2024-03-22 17:16:42.0 |
|---------|-------|--------|---------------|-------------------------------------------------------------|---------|----------------------|

2024-03-22 17:18:51.286 [http-nio-8080-exec-1] INFO 
				jdbc.resultsettable - 
|---------|
|count(*) |
|---------|
|3        |
|---------|

2024-03-22 17:18:51.294 [http-nio-8080-exec-1] INFO 
				jdbc.resultsettable - 
|---------|-------|--------|-----------------|-------------------------------------------------------------|---------|----------------------|
|board_id |writer |subject |content          |passwd                                                       |read_cnt |enroll_at             |
|---------|-------|--------|-----------------|-------------------------------------------------------------|---------|----------------------|
|103306   |c      |c       |<p>c 비번입dd</p>
 |$2a$10$6adDoI4GmLjYz0Hts7ghpOa2IrkUDObFUWcyKaoRqUHR0M9q.n.Wu |35       |2024-03-22 17:18:51.0 |
|103305   |b      |b       |<p>b</p>
       |b                                                            |0        |2024-03-21 12:16:03.0 |
|103304   |a      |a       |<p>a</p>
       |a                                                            |2        |2024-03-21 12:14:43.0 |
|---------|-------|--------|-----------------|-------------------------------------------------------------|---------|----------------------|

2024-03-22 17:24:35.656 [http-nio-8080-exec-1] INFO 
				jdbc.resultsettable - 
|---------|-------|--------|-----------------|-------------------------------------------------------------|---------|----------------------|
|board_id |writer |subject |content          |passwd                                                       |read_cnt |enroll_at             |
|---------|-------|--------|-----------------|-------------------------------------------------------------|---------|----------------------|
|103306   |c      |c       |<p>c 비번입dd</p>
 |$2a$10$6adDoI4GmLjYz0Hts7ghpOa2IrkUDObFUWcyKaoRqUHR0M9q.n.Wu |36       |2024-03-22 17:18:51.0 |
|---------|-------|--------|-----------------|-------------------------------------------------------------|---------|----------------------|

