2024-03-20 01:47:12.496 [http-nio-8080-exec-4] INFO 
				jdbc.resultsettable - 
|---------|
|count(*) |
|---------|
|2701     |
|---------|

2024-03-20 01:47:12.513 [http-nio-8080-exec-4] INFO 
				jdbc.resultsettable - 
|---------|--------|--------|---------------------|-------------------------------------------------------------|---------|----------------------|
|board_id |writer  |subject |content              |passwd                                                       |read_cnt |enroll_at             |
|---------|--------|--------|---------------------|-------------------------------------------------------------|---------|----------------------|
|102507   |파파타하카차자 |라카자라마가타 |<p>하하파가타카자DFDF</p>
 |$2a$10$grbHrJiSufUTqMf/zb9we.m3GTsmuPHH/dCOrfDm7CJbZ42VjhPBi |5        |2024-03-17 01:20:39.0 |
|102409   |가가다다파사다 |타바차다아다바 |자마사다사자바              |$2a$10$M2Y.Pehmu3JTXKOX37y5y.IXcIgn4Ro5ZZwHKaGnHd9hI.GdgMbMS |0        |2024-03-13 01:23:00.0 |
|102405   |차바나타타타차 |사라사가바나차 |바가자다마차다              |$2a$10$cxRtN0TV.ac6SdJF2CPWxu0zMrdxqANCQqE6RSmpJmJ.ro88jewI6 |0        |2024-03-13 01:23:00.0 |
|102401   |가바바나차아파 |자파나나사마타 |아카라차차자차              |$2a$10$NrMJwUt0TlXJOZh8UE2KUOky36swORRYL0tri6rQ95RsjYiGJpIke |0        |2024-03-13 01:23:00.0 |
|102700   |마나가사마바사 |하다바사차사파 |가파바나카라아              |$2a$10$gORAqW17uIHJGDYIVZIGkuP6TkcKnPRcqka91uUNyVFa4xuwg3IZG |9        |2024-03-13 01:23:00.0 |
|102410   |차하카아타바사 |다아나아가사라 |바사자사파라사              |$2a$10$BirSU56hA4x/hWDR2V6EA.QX3n3aPwc/TNlP9hWLTV8zPoGITam/G |0        |2024-03-13 01:23:00.0 |
|102408   |가바바카아사자 |나사사아가파다 |타바다가라자가              |$2a$10$jjKlkvep1NkQ/ln/BsJMYeIS.nAReroBlA3VtviL4qH2TAY9aHJg2 |0        |2024-03-13 01:23:00.0 |
|102403   |나자사가가아라 |파나파타나나차 |타하가아다다바              |$2a$10$2OYiK.iXGTUreG8A6HyBx.KFwKNXqlB4fM61JwO91XPF1vnEDnc.. |0        |2024-03-13 01:23:00.0 |
|102402   |아사라파카다아 |바파마차가자가 |라마다파자마파              |$2a$10$zcvrUdmpLgPb7pzRjMwgFO6OQV5ChTtLReFngFb9OyNHXW4yS1fzK |0        |2024-03-13 01:23:00.0 |
|102406   |하바자다카바파 |사마라타마자자 |다아가가바파마              |$2a$10$aDVCMbVN/k.4UW6vsmcbL.VGUURDmIXzOPTBjKESS8aiE/9yeKEKe |3        |2024-03-13 01:23:00.0 |
|---------|--------|--------|---------------------|-------------------------------------------------------------|---------|----------------------|

2024-03-20 01:50:04.181 [http-nio-8080-exec-1] INFO 
				jdbc.resultsettable - 
|---------|
|count(*) |
|---------|
|2701     |
|---------|

2024-03-20 01:59:01.471 [http-nio-8080-exec-1] INFO 
				jdbc.resultsettable - 
|---------|
|count(*) |
|---------|
|2701     |
|---------|

2024-03-20 02:22:23.453 [http-nio-8080-exec-1] INFO 
				jdbc.resultsettable - 
|---------|
|count(*) |
|---------|
|2701     |
|---------|

2024-03-20 02:26:19.086 [http-nio-8080-exec-1] INFO 
				jdbc.resultsettable - 
|---------|
|count(*) |
|---------|
|2701     |
|---------|

2024-03-20 02:39:04.940 [http-nio-8080-exec-1] INFO 
				jdbc.resultsettable - 
|---------|
|count(*) |
|---------|
|2701     |
|---------|

2024-03-20 02:42:22.531 [http-nio-8080-exec-1] INFO 
				jdbc.resultsettable - 
|---------|
|count(*) |
|---------|
|2701     |
|---------|

2024-03-20 02:45:01.626 [http-nio-8080-exec-1] INFO 
				jdbc.resultsettable - 
|---------|
|count(*) |
|---------|
|2701     |
|---------|

2024-03-20 02:46:09.051 [http-nio-8080-exec-1] INFO 
				jdbc.resultsettable - 
|---------|
|count(*) |
|---------|
|2701     |
|---------|

2024-03-20 03:25:57.761 [http-nio-8080-exec-1] INFO 
				jdbc.resultsettable - 
|---------|
|count(*) |
|---------|
|2701     |
|---------|

2024-03-20 03:25:57.773 [http-nio-8080-exec-1] INFO 
				jdbc.resultsettable - 
|---------|--------|--------|--------|-------------------------------------------------------------|---------|----------------------|
|board_id |writer  |subject |content |passwd                                                       |read_cnt |enroll_at             |
|---------|--------|--------|--------|-------------------------------------------------------------|---------|----------------------|
|102409   |가가다다파사다 |타바차다아다바 |자마사다사자바 |$2a$10$M2Y.Pehmu3JTXKOX37y5y.IXcIgn4Ro5ZZwHKaGnHd9hI.GdgMbMS |0        |2024-03-13 01:23:00.0 |
|102410   |차하카아타바사 |다아나아가사라 |바사자사파라사 |$2a$10$BirSU56hA4x/hWDR2V6EA.QX3n3aPwc/TNlP9hWLTV8zPoGITam/G |0        |2024-03-13 01:23:00.0 |
|102402   |아사라파카다아 |바파마차가자가 |라마다파자마파 |$2a$10$zcvrUdmpLgPb7pzRjMwgFO6OQV5ChTtLReFngFb9OyNHXW4yS1fzK |0        |2024-03-13 01:23:00.0 |
|102404   |마타사가하나파 |바나자타파차차 |파사아아다하가 |$2a$10$DQlXsprruobtawk3aIXGg.swow4FBqYoUDwEJ5zeYZchc4aJ3r4AK |0        |2024-03-13 01:23:00.0 |
|102411   |사카가카차타하 |라차나마사자라 |파카하파바카자 |$2a$10$YwZumHhmmYMAq57L2R6FjO75R/mlStQDBVvu.Z2vcAKhXOx6LBP7W |0        |2024-03-13 01:23:00.0 |
|102408   |가바바카아사자 |나사사아가파다 |타바다가라자가 |$2a$10$jjKlkvep1NkQ/ln/BsJMYeIS.nAReroBlA3VtviL4qH2TAY9aHJg2 |0        |2024-03-13 01:23:00.0 |
|102403   |나자사가가아라 |파나파타나나차 |타하가아다다바 |$2a$10$2OYiK.iXGTUreG8A6HyBx.KFwKNXqlB4fM61JwO91XPF1vnEDnc.. |0        |2024-03-13 01:23:00.0 |
|102700   |마나가사마바사 |하다바사차사파 |가파바나카라아 |$2a$10$gORAqW17uIHJGDYIVZIGkuP6TkcKnPRcqka91uUNyVFa4xuwg3IZG |9        |2024-03-13 01:23:00.0 |
|102406   |하바자다카바파 |사마라타마자자 |다아가가바파마 |$2a$10$aDVCMbVN/k.4UW6vsmcbL.VGUURDmIXzOPTBjKESS8aiE/9yeKEKe |3        |2024-03-13 01:23:00.0 |
|102401   |가바바나차아파 |자파나나사마타 |아카라차차자차 |$2a$10$NrMJwUt0TlXJOZh8UE2KUOky36swORRYL0tri6rQ95RsjYiGJpIke |0        |2024-03-13 01:23:00.0 |
|---------|--------|--------|--------|-------------------------------------------------------------|---------|----------------------|

2024-03-20 03:28:27.599 [http-nio-8080-exec-3] INFO 
				jdbc.resultsettable - 
|---------|
|count(*) |
|---------|
|2701     |
|---------|

2024-03-20 03:28:27.609 [http-nio-8080-exec-3] INFO 
				jdbc.resultsettable - 
|---------|--------|--------|--------|-------------------------------------------------------------|---------|----------------------|
|board_id |writer  |subject |content |passwd                                                       |read_cnt |enroll_at             |
|---------|--------|--------|--------|-------------------------------------------------------------|---------|----------------------|
|102409   |가가다다파사다 |타바차다아다바 |자마사다사자바 |$2a$10$M2Y.Pehmu3JTXKOX37y5y.IXcIgn4Ro5ZZwHKaGnHd9hI.GdgMbMS |0        |2024-03-13 01:23:00.0 |
|102410   |차하카아타바사 |다아나아가사라 |바사자사파라사 |$2a$10$BirSU56hA4x/hWDR2V6EA.QX3n3aPwc/TNlP9hWLTV8zPoGITam/G |0        |2024-03-13 01:23:00.0 |
|102402   |아사라파카다아 |바파마차가자가 |라마다파자마파 |$2a$10$zcvrUdmpLgPb7pzRjMwgFO6OQV5ChTtLReFngFb9OyNHXW4yS1fzK |0        |2024-03-13 01:23:00.0 |
|102404   |마타사가하나파 |바나자타파차차 |파사아아다하가 |$2a$10$DQlXsprruobtawk3aIXGg.swow4FBqYoUDwEJ5zeYZchc4aJ3r4AK |0        |2024-03-13 01:23:00.0 |
|102411   |사카가카차타하 |라차나마사자라 |파카하파바카자 |$2a$10$YwZumHhmmYMAq57L2R6FjO75R/mlStQDBVvu.Z2vcAKhXOx6LBP7W |0        |2024-03-13 01:23:00.0 |
|102408   |가바바카아사자 |나사사아가파다 |타바다가라자가 |$2a$10$jjKlkvep1NkQ/ln/BsJMYeIS.nAReroBlA3VtviL4qH2TAY9aHJg2 |0        |2024-03-13 01:23:00.0 |
|102403   |나자사가가아라 |파나파타나나차 |타하가아다다바 |$2a$10$2OYiK.iXGTUreG8A6HyBx.KFwKNXqlB4fM61JwO91XPF1vnEDnc.. |0        |2024-03-13 01:23:00.0 |
|102700   |마나가사마바사 |하다바사차사파 |가파바나카라아 |$2a$10$gORAqW17uIHJGDYIVZIGkuP6TkcKnPRcqka91uUNyVFa4xuwg3IZG |9        |2024-03-13 01:23:00.0 |
|102406   |하바자다카바파 |사마라타마자자 |다아가가바파마 |$2a$10$aDVCMbVN/k.4UW6vsmcbL.VGUURDmIXzOPTBjKESS8aiE/9yeKEKe |3        |2024-03-13 01:23:00.0 |
|102401   |가바바나차아파 |자파나나사마타 |아카라차차자차 |$2a$10$NrMJwUt0TlXJOZh8UE2KUOky36swORRYL0tri6rQ95RsjYiGJpIke |0        |2024-03-13 01:23:00.0 |
|---------|--------|--------|--------|-------------------------------------------------------------|---------|----------------------|

2024-03-20 03:30:17.096 [http-nio-8080-exec-5] INFO 
				jdbc.resultsettable - 
|---------|
|count(*) |
|---------|
|2701     |
|---------|

2024-03-20 03:30:17.103 [http-nio-8080-exec-5] INFO 
				jdbc.resultsettable - 
|---------|--------|--------|--------|-------------------------------------------------------------|---------|----------------------|
|board_id |writer  |subject |content |passwd                                                       |read_cnt |enroll_at             |
|---------|--------|--------|--------|-------------------------------------------------------------|---------|----------------------|
|102409   |가가다다파사다 |타바차다아다바 |자마사다사자바 |$2a$10$M2Y.Pehmu3JTXKOX37y5y.IXcIgn4Ro5ZZwHKaGnHd9hI.GdgMbMS |0        |2024-03-13 01:23:00.0 |
|102410   |차하카아타바사 |다아나아가사라 |바사자사파라사 |$2a$10$BirSU56hA4x/hWDR2V6EA.QX3n3aPwc/TNlP9hWLTV8zPoGITam/G |0        |2024-03-13 01:23:00.0 |
|102402   |아사라파카다아 |바파마차가자가 |라마다파자마파 |$2a$10$zcvrUdmpLgPb7pzRjMwgFO6OQV5ChTtLReFngFb9OyNHXW4yS1fzK |0        |2024-03-13 01:23:00.0 |
|102404   |마타사가하나파 |바나자타파차차 |파사아아다하가 |$2a$10$DQlXsprruobtawk3aIXGg.swow4FBqYoUDwEJ5zeYZchc4aJ3r4AK |0        |2024-03-13 01:23:00.0 |
|102411   |사카가카차타하 |라차나마사자라 |파카하파바카자 |$2a$10$YwZumHhmmYMAq57L2R6FjO75R/mlStQDBVvu.Z2vcAKhXOx6LBP7W |0        |2024-03-13 01:23:00.0 |
|102408   |가바바카아사자 |나사사아가파다 |타바다가라자가 |$2a$10$jjKlkvep1NkQ/ln/BsJMYeIS.nAReroBlA3VtviL4qH2TAY9aHJg2 |0        |2024-03-13 01:23:00.0 |
|102403   |나자사가가아라 |파나파타나나차 |타하가아다다바 |$2a$10$2OYiK.iXGTUreG8A6HyBx.KFwKNXqlB4fM61JwO91XPF1vnEDnc.. |0        |2024-03-13 01:23:00.0 |
|102700   |마나가사마바사 |하다바사차사파 |가파바나카라아 |$2a$10$gORAqW17uIHJGDYIVZIGkuP6TkcKnPRcqka91uUNyVFa4xuwg3IZG |9        |2024-03-13 01:23:00.0 |
|102406   |하바자다카바파 |사마라타마자자 |다아가가바파마 |$2a$10$aDVCMbVN/k.4UW6vsmcbL.VGUURDmIXzOPTBjKESS8aiE/9yeKEKe |3        |2024-03-13 01:23:00.0 |
|102401   |가바바나차아파 |자파나나사마타 |아카라차차자차 |$2a$10$NrMJwUt0TlXJOZh8UE2KUOky36swORRYL0tri6rQ95RsjYiGJpIke |0        |2024-03-13 01:23:00.0 |
|---------|--------|--------|--------|-------------------------------------------------------------|---------|----------------------|

2024-03-20 03:31:35.463 [http-nio-8080-exec-7] INFO 
				jdbc.resultsettable - 
|---------|
|count(*) |
|---------|
|2701     |
|---------|

2024-03-20 03:31:35.473 [http-nio-8080-exec-7] INFO 
				jdbc.resultsettable - 
|---------|--------|--------|--------|-------------------------------------------------------------|---------|----------------------|
|board_id |writer  |subject |content |passwd                                                       |read_cnt |enroll_at             |
|---------|--------|--------|--------|-------------------------------------------------------------|---------|----------------------|
|102409   |가가다다파사다 |타바차다아다바 |자마사다사자바 |$2a$10$M2Y.Pehmu3JTXKOX37y5y.IXcIgn4Ro5ZZwHKaGnHd9hI.GdgMbMS |0        |2024-03-13 01:23:00.0 |
|102410   |차하카아타바사 |다아나아가사라 |바사자사파라사 |$2a$10$BirSU56hA4x/hWDR2V6EA.QX3n3aPwc/TNlP9hWLTV8zPoGITam/G |0        |2024-03-13 01:23:00.0 |
|102402   |아사라파카다아 |바파마차가자가 |라마다파자마파 |$2a$10$zcvrUdmpLgPb7pzRjMwgFO6OQV5ChTtLReFngFb9OyNHXW4yS1fzK |0        |2024-03-13 01:23:00.0 |
|102404   |마타사가하나파 |바나자타파차차 |파사아아다하가 |$2a$10$DQlXsprruobtawk3aIXGg.swow4FBqYoUDwEJ5zeYZchc4aJ3r4AK |0        |2024-03-13 01:23:00.0 |
|102411   |사카가카차타하 |라차나마사자라 |파카하파바카자 |$2a$10$YwZumHhmmYMAq57L2R6FjO75R/mlStQDBVvu.Z2vcAKhXOx6LBP7W |0        |2024-03-13 01:23:00.0 |
|102408   |가바바카아사자 |나사사아가파다 |타바다가라자가 |$2a$10$jjKlkvep1NkQ/ln/BsJMYeIS.nAReroBlA3VtviL4qH2TAY9aHJg2 |0        |2024-03-13 01:23:00.0 |
|102403   |나자사가가아라 |파나파타나나차 |타하가아다다바 |$2a$10$2OYiK.iXGTUreG8A6HyBx.KFwKNXqlB4fM61JwO91XPF1vnEDnc.. |0        |2024-03-13 01:23:00.0 |
|102700   |마나가사마바사 |하다바사차사파 |가파바나카라아 |$2a$10$gORAqW17uIHJGDYIVZIGkuP6TkcKnPRcqka91uUNyVFa4xuwg3IZG |9        |2024-03-13 01:23:00.0 |
|102406   |하바자다카바파 |사마라타마자자 |다아가가바파마 |$2a$10$aDVCMbVN/k.4UW6vsmcbL.VGUURDmIXzOPTBjKESS8aiE/9yeKEKe |3        |2024-03-13 01:23:00.0 |
|102401   |가바바나차아파 |자파나나사마타 |아카라차차자차 |$2a$10$NrMJwUt0TlXJOZh8UE2KUOky36swORRYL0tri6rQ95RsjYiGJpIke |0        |2024-03-13 01:23:00.0 |
|---------|--------|--------|--------|-------------------------------------------------------------|---------|----------------------|

2024-03-20 03:40:46.492 [http-nio-8080-exec-1] INFO 
				jdbc.resultsettable - 
|---------|
|count(*) |
|---------|
|2701     |
|---------|

2024-03-20 03:40:46.499 [http-nio-8080-exec-1] INFO 
				jdbc.resultsettable - 
|---------|--------|--------|--------|-------------------------------------------------------------|---------|----------------------|
|board_id |writer  |subject |content |passwd                                                       |read_cnt |enroll_at             |
|---------|--------|--------|--------|-------------------------------------------------------------|---------|----------------------|
|102409   |가가다다파사다 |타바차다아다바 |자마사다사자바 |$2a$10$M2Y.Pehmu3JTXKOX37y5y.IXcIgn4Ro5ZZwHKaGnHd9hI.GdgMbMS |0        |2024-03-13 01:23:00.0 |
|102410   |차하카아타바사 |다아나아가사라 |바사자사파라사 |$2a$10$BirSU56hA4x/hWDR2V6EA.QX3n3aPwc/TNlP9hWLTV8zPoGITam/G |0        |2024-03-13 01:23:00.0 |
|102402   |아사라파카다아 |바파마차가자가 |라마다파자마파 |$2a$10$zcvrUdmpLgPb7pzRjMwgFO6OQV5ChTtLReFngFb9OyNHXW4yS1fzK |0        |2024-03-13 01:23:00.0 |
|102404   |마타사가하나파 |바나자타파차차 |파사아아다하가 |$2a$10$DQlXsprruobtawk3aIXGg.swow4FBqYoUDwEJ5zeYZchc4aJ3r4AK |0        |2024-03-13 01:23:00.0 |
|102411   |사카가카차타하 |라차나마사자라 |파카하파바카자 |$2a$10$YwZumHhmmYMAq57L2R6FjO75R/mlStQDBVvu.Z2vcAKhXOx6LBP7W |0        |2024-03-13 01:23:00.0 |
|102408   |가바바카아사자 |나사사아가파다 |타바다가라자가 |$2a$10$jjKlkvep1NkQ/ln/BsJMYeIS.nAReroBlA3VtviL4qH2TAY9aHJg2 |0        |2024-03-13 01:23:00.0 |
|102403   |나자사가가아라 |파나파타나나차 |타하가아다다바 |$2a$10$2OYiK.iXGTUreG8A6HyBx.KFwKNXqlB4fM61JwO91XPF1vnEDnc.. |0        |2024-03-13 01:23:00.0 |
|102700   |마나가사마바사 |하다바사차사파 |가파바나카라아 |$2a$10$gORAqW17uIHJGDYIVZIGkuP6TkcKnPRcqka91uUNyVFa4xuwg3IZG |9        |2024-03-13 01:23:00.0 |
|102406   |하바자다카바파 |사마라타마자자 |다아가가바파마 |$2a$10$aDVCMbVN/k.4UW6vsmcbL.VGUURDmIXzOPTBjKESS8aiE/9yeKEKe |3        |2024-03-13 01:23:00.0 |
|102401   |가바바나차아파 |자파나나사마타 |아카라차차자차 |$2a$10$NrMJwUt0TlXJOZh8UE2KUOky36swORRYL0tri6rQ95RsjYiGJpIke |0        |2024-03-13 01:23:00.0 |
|---------|--------|--------|--------|-------------------------------------------------------------|---------|----------------------|

2024-03-20 11:21:22.672 [http-nio-8080-exec-1] INFO 
				jdbc.resultsettable - 
|---------|
|count(*) |
|---------|
|2701     |
|---------|

2024-03-20 11:21:22.691 [http-nio-8080-exec-1] INFO 
				jdbc.resultsettable - 
|---------|--------|--------|--------|-------------------------------------------------------------|---------|----------------------|
|board_id |writer  |subject |content |passwd                                                       |read_cnt |enroll_at             |
|---------|--------|--------|--------|-------------------------------------------------------------|---------|----------------------|
|102409   |가가다다파사다 |타바차다아다바 |자마사다사자바 |$2a$10$M2Y.Pehmu3JTXKOX37y5y.IXcIgn4Ro5ZZwHKaGnHd9hI.GdgMbMS |0        |2024-03-13 01:23:00.0 |
|102410   |차하카아타바사 |다아나아가사라 |바사자사파라사 |$2a$10$BirSU56hA4x/hWDR2V6EA.QX3n3aPwc/TNlP9hWLTV8zPoGITam/G |0        |2024-03-13 01:23:00.0 |
|102402   |아사라파카다아 |바파마차가자가 |라마다파자마파 |$2a$10$zcvrUdmpLgPb7pzRjMwgFO6OQV5ChTtLReFngFb9OyNHXW4yS1fzK |0        |2024-03-13 01:23:00.0 |
|102404   |마타사가하나파 |바나자타파차차 |파사아아다하가 |$2a$10$DQlXsprruobtawk3aIXGg.swow4FBqYoUDwEJ5zeYZchc4aJ3r4AK |0        |2024-03-13 01:23:00.0 |
|102411   |사카가카차타하 |라차나마사자라 |파카하파바카자 |$2a$10$YwZumHhmmYMAq57L2R6FjO75R/mlStQDBVvu.Z2vcAKhXOx6LBP7W |0        |2024-03-13 01:23:00.0 |
|102408   |가바바카아사자 |나사사아가파다 |타바다가라자가 |$2a$10$jjKlkvep1NkQ/ln/BsJMYeIS.nAReroBlA3VtviL4qH2TAY9aHJg2 |0        |2024-03-13 01:23:00.0 |
|102403   |나자사가가아라 |파나파타나나차 |타하가아다다바 |$2a$10$2OYiK.iXGTUreG8A6HyBx.KFwKNXqlB4fM61JwO91XPF1vnEDnc.. |0        |2024-03-13 01:23:00.0 |
|102700   |마나가사마바사 |하다바사차사파 |가파바나카라아 |$2a$10$gORAqW17uIHJGDYIVZIGkuP6TkcKnPRcqka91uUNyVFa4xuwg3IZG |9        |2024-03-13 01:23:00.0 |
|102406   |하바자다카바파 |사마라타마자자 |다아가가바파마 |$2a$10$aDVCMbVN/k.4UW6vsmcbL.VGUURDmIXzOPTBjKESS8aiE/9yeKEKe |3        |2024-03-13 01:23:00.0 |
|102401   |가바바나차아파 |자파나나사마타 |아카라차차자차 |$2a$10$NrMJwUt0TlXJOZh8UE2KUOky36swORRYL0tri6rQ95RsjYiGJpIke |0        |2024-03-13 01:23:00.0 |
|---------|--------|--------|--------|-------------------------------------------------------------|---------|----------------------|

2024-03-20 11:21:33.448 [http-nio-8080-exec-8] INFO 
				jdbc.resultsettable - 
|---------|
|count(*) |
|---------|
|2702     |
|---------|

2024-03-20 11:21:33.461 [http-nio-8080-exec-8] INFO 
				jdbc.resultsettable - 
|---------|--------|--------|---------------------|-------------------------------------------------------------|---------|----------------------|
|board_id |writer  |subject |content              |passwd                                                       |read_cnt |enroll_at             |
|---------|--------|--------|---------------------|-------------------------------------------------------------|---------|----------------------|
|102507   |파파타하카차자 |라카자라마가타 |<p>하하파가타카자DFDF</p>
 |$2a$10$grbHrJiSufUTqMf/zb9we.m3GTsmuPHH/dCOrfDm7CJbZ42VjhPBi |5        |2024-03-17 01:20:39.0 |
|102409   |가가다다파사다 |타바차다아다바 |자마사다사자바              |$2a$10$M2Y.Pehmu3JTXKOX37y5y.IXcIgn4Ro5ZZwHKaGnHd9hI.GdgMbMS |0        |2024-03-13 01:23:00.0 |
|102410   |차하카아타바사 |다아나아가사라 |바사자사파라사              |$2a$10$BirSU56hA4x/hWDR2V6EA.QX3n3aPwc/TNlP9hWLTV8zPoGITam/G |0        |2024-03-13 01:23:00.0 |
|102402   |아사라파카다아 |바파마차가자가 |라마다파자마파              |$2a$10$zcvrUdmpLgPb7pzRjMwgFO6OQV5ChTtLReFngFb9OyNHXW4yS1fzK |0        |2024-03-13 01:23:00.0 |
|102404   |마타사가하나파 |바나자타파차차 |파사아아다하가              |$2a$10$DQlXsprruobtawk3aIXGg.swow4FBqYoUDwEJ5zeYZchc4aJ3r4AK |0        |2024-03-13 01:23:00.0 |
|102411   |사카가카차타하 |라차나마사자라 |파카하파바카자              |$2a$10$YwZumHhmmYMAq57L2R6FjO75R/mlStQDBVvu.Z2vcAKhXOx6LBP7W |0        |2024-03-13 01:23:00.0 |
|102408   |가바바카아사자 |나사사아가파다 |타바다가라자가              |$2a$10$jjKlkvep1NkQ/ln/BsJMYeIS.nAReroBlA3VtviL4qH2TAY9aHJg2 |0        |2024-03-13 01:23:00.0 |
|102403   |나자사가가아라 |파나파타나나차 |타하가아다다바              |$2a$10$2OYiK.iXGTUreG8A6HyBx.KFwKNXqlB4fM61JwO91XPF1vnEDnc.. |0        |2024-03-13 01:23:00.0 |
|102406   |하바자다카바파 |사마라타마자자 |다아가가바파마              |$2a$10$aDVCMbVN/k.4UW6vsmcbL.VGUURDmIXzOPTBjKESS8aiE/9yeKEKe |3        |2024-03-13 01:23:00.0 |
|102401   |가바바나차아파 |자파나나사마타 |아카라차차자차              |$2a$10$NrMJwUt0TlXJOZh8UE2KUOky36swORRYL0tri6rQ95RsjYiGJpIke |0        |2024-03-13 01:23:00.0 |
|---------|--------|--------|---------------------|-------------------------------------------------------------|---------|----------------------|

2024-03-20 11:22:43.019 [http-nio-8080-exec-10] INFO 
				jdbc.resultsettable - 
|---------|
|count(*) |
|---------|
|2703     |
|---------|

2024-03-20 11:22:43.031 [http-nio-8080-exec-10] INFO 
				jdbc.resultsettable - 
|---------|--------|--------|---------------------|-------------------------------------------------------------|---------|----------------------|
|board_id |writer  |subject |content              |passwd                                                       |read_cnt |enroll_at             |
|---------|--------|--------|---------------------|-------------------------------------------------------------|---------|----------------------|
|102701   |랑희      |자바      |<p>12</p>
          |$2a$10$cg65/bIQVaRbVrj2pg6fdutJ.tD2SMm7rzQkMDCYRDEOXE7giWuJy |0        |2024-03-20 11:21:33.0 |
|102507   |파파타하카차자 |라카자라마가타 |<p>하하파가타카자DFDF</p>
 |$2a$10$grbHrJiSufUTqMf/zb9we.m3GTsmuPHH/dCOrfDm7CJbZ42VjhPBi |5        |2024-03-17 01:20:39.0 |
|102409   |가가다다파사다 |타바차다아다바 |자마사다사자바              |$2a$10$M2Y.Pehmu3JTXKOX37y5y.IXcIgn4Ro5ZZwHKaGnHd9hI.GdgMbMS |0        |2024-03-13 01:23:00.0 |
|102410   |차하카아타바사 |다아나아가사라 |바사자사파라사              |$2a$10$BirSU56hA4x/hWDR2V6EA.QX3n3aPwc/TNlP9hWLTV8zPoGITam/G |0        |2024-03-13 01:23:00.0 |
|102402   |아사라파카다아 |바파마차가자가 |라마다파자마파              |$2a$10$zcvrUdmpLgPb7pzRjMwgFO6OQV5ChTtLReFngFb9OyNHXW4yS1fzK |0        |2024-03-13 01:23:00.0 |
|102404   |마타사가하나파 |바나자타파차차 |파사아아다하가              |$2a$10$DQlXsprruobtawk3aIXGg.swow4FBqYoUDwEJ5zeYZchc4aJ3r4AK |0        |2024-03-13 01:23:00.0 |
|102411   |사카가카차타하 |라차나마사자라 |파카하파바카자              |$2a$10$YwZumHhmmYMAq57L2R6FjO75R/mlStQDBVvu.Z2vcAKhXOx6LBP7W |0        |2024-03-13 01:23:00.0 |
|102408   |가바바카아사자 |나사사아가파다 |타바다가라자가              |$2a$10$jjKlkvep1NkQ/ln/BsJMYeIS.nAReroBlA3VtviL4qH2TAY9aHJg2 |0        |2024-03-13 01:23:00.0 |
|102406   |하바자다카바파 |사마라타마자자 |다아가가바파마              |$2a$10$aDVCMbVN/k.4UW6vsmcbL.VGUURDmIXzOPTBjKESS8aiE/9yeKEKe |3        |2024-03-13 01:23:00.0 |
|102401   |가바바나차아파 |자파나나사마타 |아카라차차자차              |$2a$10$NrMJwUt0TlXJOZh8UE2KUOky36swORRYL0tri6rQ95RsjYiGJpIke |0        |2024-03-13 01:23:00.0 |
|---------|--------|--------|---------------------|-------------------------------------------------------------|---------|----------------------|

2024-03-20 11:25:57.616 [http-nio-8080-exec-7] INFO 
				jdbc.resultsettable - 
|---------|
|count(*) |
|---------|
|2703     |
|---------|

2024-03-20 11:25:57.616 [http-nio-8080-exec-7] INFO 
				jdbc.resultsettable - 
|---------|--------|--------|---------------------|-------------------------------------------------------------|---------|----------------------|
|board_id |writer  |subject |content              |passwd                                                       |read_cnt |enroll_at             |
|---------|--------|--------|---------------------|-------------------------------------------------------------|---------|----------------------|
|102701   |랑희      |자바      |<p>12</p>
          |$2a$10$cg65/bIQVaRbVrj2pg6fdutJ.tD2SMm7rzQkMDCYRDEOXE7giWuJy |0        |2024-03-20 11:21:33.0 |
|102507   |파파타하카차자 |라카자라마가타 |<p>하하파가타카자DFDF</p>
 |$2a$10$grbHrJiSufUTqMf/zb9we.m3GTsmuPHH/dCOrfDm7CJbZ42VjhPBi |5        |2024-03-17 01:20:39.0 |
|102409   |가가다다파사다 |타바차다아다바 |자마사다사자바              |$2a$10$M2Y.Pehmu3JTXKOX37y5y.IXcIgn4Ro5ZZwHKaGnHd9hI.GdgMbMS |0        |2024-03-13 01:23:00.0 |
|102410   |차하카아타바사 |다아나아가사라 |바사자사파라사              |$2a$10$BirSU56hA4x/hWDR2V6EA.QX3n3aPwc/TNlP9hWLTV8zPoGITam/G |0        |2024-03-13 01:23:00.0 |
|102402   |아사라파카다아 |바파마차가자가 |라마다파자마파              |$2a$10$zcvrUdmpLgPb7pzRjMwgFO6OQV5ChTtLReFngFb9OyNHXW4yS1fzK |0        |2024-03-13 01:23:00.0 |
|102404   |마타사가하나파 |바나자타파차차 |파사아아다하가              |$2a$10$DQlXsprruobtawk3aIXGg.swow4FBqYoUDwEJ5zeYZchc4aJ3r4AK |0        |2024-03-13 01:23:00.0 |
|102411   |사카가카차타하 |라차나마사자라 |파카하파바카자              |$2a$10$YwZumHhmmYMAq57L2R6FjO75R/mlStQDBVvu.Z2vcAKhXOx6LBP7W |0        |2024-03-13 01:23:00.0 |
|102408   |가바바카아사자 |나사사아가파다 |타바다가라자가              |$2a$10$jjKlkvep1NkQ/ln/BsJMYeIS.nAReroBlA3VtviL4qH2TAY9aHJg2 |0        |2024-03-13 01:23:00.0 |
|102406   |하바자다카바파 |사마라타마자자 |다아가가바파마              |$2a$10$aDVCMbVN/k.4UW6vsmcbL.VGUURDmIXzOPTBjKESS8aiE/9yeKEKe |3        |2024-03-13 01:23:00.0 |
|102401   |가바바나차아파 |자파나나사마타 |아카라차차자차              |$2a$10$NrMJwUt0TlXJOZh8UE2KUOky36swORRYL0tri6rQ95RsjYiGJpIke |0        |2024-03-13 01:23:00.0 |
|---------|--------|--------|---------------------|-------------------------------------------------------------|---------|----------------------|

2024-03-20 11:39:40.674 [http-nio-8080-exec-4] INFO 
				jdbc.resultsettable - 
|---------|
|count(*) |
|---------|
|2703     |
|---------|

2024-03-20 11:39:40.683 [http-nio-8080-exec-4] INFO 
				jdbc.resultsettable - 
|---------|--------|--------|---------------------|-------------------------------------------------------------|---------|----------------------|
|board_id |writer  |subject |content              |passwd                                                       |read_cnt |enroll_at             |
|---------|--------|--------|---------------------|-------------------------------------------------------------|---------|----------------------|
|102701   |랑희      |자바      |<p>12</p>
          |$2a$10$cg65/bIQVaRbVrj2pg6fdutJ.tD2SMm7rzQkMDCYRDEOXE7giWuJy |0        |2024-03-20 11:21:33.0 |
|102507   |파파타하카차자 |라카자라마가타 |<p>하하파가타카자DFDF</p>
 |$2a$10$grbHrJiSufUTqMf/zb9we.m3GTsmuPHH/dCOrfDm7CJbZ42VjhPBi |5        |2024-03-17 01:20:39.0 |
|102409   |가가다다파사다 |타바차다아다바 |자마사다사자바              |$2a$10$M2Y.Pehmu3JTXKOX37y5y.IXcIgn4Ro5ZZwHKaGnHd9hI.GdgMbMS |0        |2024-03-13 01:23:00.0 |
|102410   |차하카아타바사 |다아나아가사라 |바사자사파라사              |$2a$10$BirSU56hA4x/hWDR2V6EA.QX3n3aPwc/TNlP9hWLTV8zPoGITam/G |0        |2024-03-13 01:23:00.0 |
|102402   |아사라파카다아 |바파마차가자가 |라마다파자마파              |$2a$10$zcvrUdmpLgPb7pzRjMwgFO6OQV5ChTtLReFngFb9OyNHXW4yS1fzK |0        |2024-03-13 01:23:00.0 |
|102404   |마타사가하나파 |바나자타파차차 |파사아아다하가              |$2a$10$DQlXsprruobtawk3aIXGg.swow4FBqYoUDwEJ5zeYZchc4aJ3r4AK |0        |2024-03-13 01:23:00.0 |
|102411   |사카가카차타하 |라차나마사자라 |파카하파바카자              |$2a$10$YwZumHhmmYMAq57L2R6FjO75R/mlStQDBVvu.Z2vcAKhXOx6LBP7W |0        |2024-03-13 01:23:00.0 |
|102408   |가바바카아사자 |나사사아가파다 |타바다가라자가              |$2a$10$jjKlkvep1NkQ/ln/BsJMYeIS.nAReroBlA3VtviL4qH2TAY9aHJg2 |0        |2024-03-13 01:23:00.0 |
|102406   |하바자다카바파 |사마라타마자자 |다아가가바파마              |$2a$10$aDVCMbVN/k.4UW6vsmcbL.VGUURDmIXzOPTBjKESS8aiE/9yeKEKe |3        |2024-03-13 01:23:00.0 |
|102401   |가바바나차아파 |자파나나사마타 |아카라차차자차              |$2a$10$NrMJwUt0TlXJOZh8UE2KUOky36swORRYL0tri6rQ95RsjYiGJpIke |0        |2024-03-13 01:23:00.0 |
|---------|--------|--------|---------------------|-------------------------------------------------------------|---------|----------------------|

2024-03-20 11:48:05.091 [http-nio-8080-exec-1] INFO 
				jdbc.resultsettable - 
|---------|
|count(*) |
|---------|
|2703     |
|---------|

2024-03-20 11:48:05.098 [http-nio-8080-exec-1] INFO 
				jdbc.resultsettable - 
|---------|--------|--------|---------------------|-------------------------------------------------------------|---------|----------------------|
|board_id |writer  |subject |content              |passwd                                                       |read_cnt |enroll_at             |
|---------|--------|--------|---------------------|-------------------------------------------------------------|---------|----------------------|
|102701   |랑희      |자바      |<p>12</p>
          |$2a$10$cg65/bIQVaRbVrj2pg6fdutJ.tD2SMm7rzQkMDCYRDEOXE7giWuJy |0        |2024-03-20 11:21:33.0 |
|102507   |파파타하카차자 |라카자라마가타 |<p>하하파가타카자DFDF</p>
 |$2a$10$grbHrJiSufUTqMf/zb9we.m3GTsmuPHH/dCOrfDm7CJbZ42VjhPBi |5        |2024-03-17 01:20:39.0 |
|102409   |가가다다파사다 |타바차다아다바 |자마사다사자바              |$2a$10$M2Y.Pehmu3JTXKOX37y5y.IXcIgn4Ro5ZZwHKaGnHd9hI.GdgMbMS |0        |2024-03-13 01:23:00.0 |
|102410   |차하카아타바사 |다아나아가사라 |바사자사파라사              |$2a$10$BirSU56hA4x/hWDR2V6EA.QX3n3aPwc/TNlP9hWLTV8zPoGITam/G |0        |2024-03-13 01:23:00.0 |
|102402   |아사라파카다아 |바파마차가자가 |라마다파자마파              |$2a$10$zcvrUdmpLgPb7pzRjMwgFO6OQV5ChTtLReFngFb9OyNHXW4yS1fzK |0        |2024-03-13 01:23:00.0 |
|102404   |마타사가하나파 |바나자타파차차 |파사아아다하가              |$2a$10$DQlXsprruobtawk3aIXGg.swow4FBqYoUDwEJ5zeYZchc4aJ3r4AK |0        |2024-03-13 01:23:00.0 |
|102411   |사카가카차타하 |라차나마사자라 |파카하파바카자              |$2a$10$YwZumHhmmYMAq57L2R6FjO75R/mlStQDBVvu.Z2vcAKhXOx6LBP7W |0        |2024-03-13 01:23:00.0 |
|102408   |가바바카아사자 |나사사아가파다 |타바다가라자가              |$2a$10$jjKlkvep1NkQ/ln/BsJMYeIS.nAReroBlA3VtviL4qH2TAY9aHJg2 |0        |2024-03-13 01:23:00.0 |
|102406   |하바자다카바파 |사마라타마자자 |다아가가바파마              |$2a$10$aDVCMbVN/k.4UW6vsmcbL.VGUURDmIXzOPTBjKESS8aiE/9yeKEKe |3        |2024-03-13 01:23:00.0 |
|102401   |가바바나차아파 |자파나나사마타 |아카라차차자차              |$2a$10$NrMJwUt0TlXJOZh8UE2KUOky36swORRYL0tri6rQ95RsjYiGJpIke |0        |2024-03-13 01:23:00.0 |
|---------|--------|--------|---------------------|-------------------------------------------------------------|---------|----------------------|

2024-03-20 11:48:05.890 [http-nio-8080-exec-3] INFO 
				jdbc.resultsettable - 
|---------|
|count(*) |
|---------|
|2703     |
|---------|

2024-03-20 11:48:05.901 [http-nio-8080-exec-3] INFO 
				jdbc.resultsettable - 
|---------|--------|--------|---------------------|-------------------------------------------------------------|---------|----------------------|
|board_id |writer  |subject |content              |passwd                                                       |read_cnt |enroll_at             |
|---------|--------|--------|---------------------|-------------------------------------------------------------|---------|----------------------|
|102701   |랑희      |자바      |<p>12</p>
          |$2a$10$cg65/bIQVaRbVrj2pg6fdutJ.tD2SMm7rzQkMDCYRDEOXE7giWuJy |0        |2024-03-20 11:21:33.0 |
|102507   |파파타하카차자 |라카자라마가타 |<p>하하파가타카자DFDF</p>
 |$2a$10$grbHrJiSufUTqMf/zb9we.m3GTsmuPHH/dCOrfDm7CJbZ42VjhPBi |5        |2024-03-17 01:20:39.0 |
|102409   |가가다다파사다 |타바차다아다바 |자마사다사자바              |$2a$10$M2Y.Pehmu3JTXKOX37y5y.IXcIgn4Ro5ZZwHKaGnHd9hI.GdgMbMS |0        |2024-03-13 01:23:00.0 |
|102410   |차하카아타바사 |다아나아가사라 |바사자사파라사              |$2a$10$BirSU56hA4x/hWDR2V6EA.QX3n3aPwc/TNlP9hWLTV8zPoGITam/G |0        |2024-03-13 01:23:00.0 |
|102402   |아사라파카다아 |바파마차가자가 |라마다파자마파              |$2a$10$zcvrUdmpLgPb7pzRjMwgFO6OQV5ChTtLReFngFb9OyNHXW4yS1fzK |0        |2024-03-13 01:23:00.0 |
|102404   |마타사가하나파 |바나자타파차차 |파사아아다하가              |$2a$10$DQlXsprruobtawk3aIXGg.swow4FBqYoUDwEJ5zeYZchc4aJ3r4AK |0        |2024-03-13 01:23:00.0 |
|102411   |사카가카차타하 |라차나마사자라 |파카하파바카자              |$2a$10$YwZumHhmmYMAq57L2R6FjO75R/mlStQDBVvu.Z2vcAKhXOx6LBP7W |0        |2024-03-13 01:23:00.0 |
|102408   |가바바카아사자 |나사사아가파다 |타바다가라자가              |$2a$10$jjKlkvep1NkQ/ln/BsJMYeIS.nAReroBlA3VtviL4qH2TAY9aHJg2 |0        |2024-03-13 01:23:00.0 |
|102406   |하바자다카바파 |사마라타마자자 |다아가가바파마              |$2a$10$aDVCMbVN/k.4UW6vsmcbL.VGUURDmIXzOPTBjKESS8aiE/9yeKEKe |3        |2024-03-13 01:23:00.0 |
|102401   |가바바나차아파 |자파나나사마타 |아카라차차자차              |$2a$10$NrMJwUt0TlXJOZh8UE2KUOky36swORRYL0tri6rQ95RsjYiGJpIke |0        |2024-03-13 01:23:00.0 |
|---------|--------|--------|---------------------|-------------------------------------------------------------|---------|----------------------|

2024-03-20 11:48:06.487 [http-nio-8080-exec-5] INFO 
				jdbc.resultsettable - 
|---------|
|count(*) |
|---------|
|2703     |
|---------|

2024-03-20 11:48:06.496 [http-nio-8080-exec-5] INFO 
				jdbc.resultsettable - 
|---------|--------|--------|---------------------|-------------------------------------------------------------|---------|----------------------|
|board_id |writer  |subject |content              |passwd                                                       |read_cnt |enroll_at             |
|---------|--------|--------|---------------------|-------------------------------------------------------------|---------|----------------------|
|102701   |랑희      |자바      |<p>12</p>
          |$2a$10$cg65/bIQVaRbVrj2pg6fdutJ.tD2SMm7rzQkMDCYRDEOXE7giWuJy |0        |2024-03-20 11:21:33.0 |
|102507   |파파타하카차자 |라카자라마가타 |<p>하하파가타카자DFDF</p>
 |$2a$10$grbHrJiSufUTqMf/zb9we.m3GTsmuPHH/dCOrfDm7CJbZ42VjhPBi |5        |2024-03-17 01:20:39.0 |
|102409   |가가다다파사다 |타바차다아다바 |자마사다사자바              |$2a$10$M2Y.Pehmu3JTXKOX37y5y.IXcIgn4Ro5ZZwHKaGnHd9hI.GdgMbMS |0        |2024-03-13 01:23:00.0 |
|102410   |차하카아타바사 |다아나아가사라 |바사자사파라사              |$2a$10$BirSU56hA4x/hWDR2V6EA.QX3n3aPwc/TNlP9hWLTV8zPoGITam/G |0        |2024-03-13 01:23:00.0 |
|102402   |아사라파카다아 |바파마차가자가 |라마다파자마파              |$2a$10$zcvrUdmpLgPb7pzRjMwgFO6OQV5ChTtLReFngFb9OyNHXW4yS1fzK |0        |2024-03-13 01:23:00.0 |
|102404   |마타사가하나파 |바나자타파차차 |파사아아다하가              |$2a$10$DQlXsprruobtawk3aIXGg.swow4FBqYoUDwEJ5zeYZchc4aJ3r4AK |0        |2024-03-13 01:23:00.0 |
|102411   |사카가카차타하 |라차나마사자라 |파카하파바카자              |$2a$10$YwZumHhmmYMAq57L2R6FjO75R/mlStQDBVvu.Z2vcAKhXOx6LBP7W |0        |2024-03-13 01:23:00.0 |
|102408   |가바바카아사자 |나사사아가파다 |타바다가라자가              |$2a$10$jjKlkvep1NkQ/ln/BsJMYeIS.nAReroBlA3VtviL4qH2TAY9aHJg2 |0        |2024-03-13 01:23:00.0 |
|102406   |하바자다카바파 |사마라타마자자 |다아가가바파마              |$2a$10$aDVCMbVN/k.4UW6vsmcbL.VGUURDmIXzOPTBjKESS8aiE/9yeKEKe |3        |2024-03-13 01:23:00.0 |
|102401   |가바바나차아파 |자파나나사마타 |아카라차차자차              |$2a$10$NrMJwUt0TlXJOZh8UE2KUOky36swORRYL0tri6rQ95RsjYiGJpIke |0        |2024-03-13 01:23:00.0 |
|---------|--------|--------|---------------------|-------------------------------------------------------------|---------|----------------------|

2024-03-20 11:48:06.606 [http-nio-8080-exec-7] INFO 
				jdbc.resultsettable - 
|---------|
|count(*) |
|---------|
|2703     |
|---------|

2024-03-20 11:48:06.614 [http-nio-8080-exec-7] INFO 
				jdbc.resultsettable - 
|---------|--------|--------|---------------------|-------------------------------------------------------------|---------|----------------------|
|board_id |writer  |subject |content              |passwd                                                       |read_cnt |enroll_at             |
|---------|--------|--------|---------------------|-------------------------------------------------------------|---------|----------------------|
|102701   |랑희      |자바      |<p>12</p>
          |$2a$10$cg65/bIQVaRbVrj2pg6fdutJ.tD2SMm7rzQkMDCYRDEOXE7giWuJy |0        |2024-03-20 11:21:33.0 |
|102507   |파파타하카차자 |라카자라마가타 |<p>하하파가타카자DFDF</p>
 |$2a$10$grbHrJiSufUTqMf/zb9we.m3GTsmuPHH/dCOrfDm7CJbZ42VjhPBi |5        |2024-03-17 01:20:39.0 |
|102409   |가가다다파사다 |타바차다아다바 |자마사다사자바              |$2a$10$M2Y.Pehmu3JTXKOX37y5y.IXcIgn4Ro5ZZwHKaGnHd9hI.GdgMbMS |0        |2024-03-13 01:23:00.0 |
|102410   |차하카아타바사 |다아나아가사라 |바사자사파라사              |$2a$10$BirSU56hA4x/hWDR2V6EA.QX3n3aPwc/TNlP9hWLTV8zPoGITam/G |0        |2024-03-13 01:23:00.0 |
|102402   |아사라파카다아 |바파마차가자가 |라마다파자마파              |$2a$10$zcvrUdmpLgPb7pzRjMwgFO6OQV5ChTtLReFngFb9OyNHXW4yS1fzK |0        |2024-03-13 01:23:00.0 |
|102404   |마타사가하나파 |바나자타파차차 |파사아아다하가              |$2a$10$DQlXsprruobtawk3aIXGg.swow4FBqYoUDwEJ5zeYZchc4aJ3r4AK |0        |2024-03-13 01:23:00.0 |
|102411   |사카가카차타하 |라차나마사자라 |파카하파바카자              |$2a$10$YwZumHhmmYMAq57L2R6FjO75R/mlStQDBVvu.Z2vcAKhXOx6LBP7W |0        |2024-03-13 01:23:00.0 |
|102408   |가바바카아사자 |나사사아가파다 |타바다가라자가              |$2a$10$jjKlkvep1NkQ/ln/BsJMYeIS.nAReroBlA3VtviL4qH2TAY9aHJg2 |0        |2024-03-13 01:23:00.0 |
|102406   |하바자다카바파 |사마라타마자자 |다아가가바파마              |$2a$10$aDVCMbVN/k.4UW6vsmcbL.VGUURDmIXzOPTBjKESS8aiE/9yeKEKe |3        |2024-03-13 01:23:00.0 |
|102401   |가바바나차아파 |자파나나사마타 |아카라차차자차              |$2a$10$NrMJwUt0TlXJOZh8UE2KUOky36swORRYL0tri6rQ95RsjYiGJpIke |0        |2024-03-13 01:23:00.0 |
|---------|--------|--------|---------------------|-------------------------------------------------------------|---------|----------------------|

2024-03-20 11:48:38.375 [http-nio-8080-exec-1] INFO 
				jdbc.resultsettable - 
|---------|
|count(*) |
|---------|
|3303     |
|---------|

2024-03-20 11:48:38.381 [http-nio-8080-exec-1] INFO 
				jdbc.resultsettable - 
|---------|--------|--------|--------|-------------------------------------------------------------|---------|----------------------|
|board_id |writer  |subject |content |passwd                                                       |read_cnt |enroll_at             |
|---------|--------|--------|--------|-------------------------------------------------------------|---------|----------------------|
|103006   |카자자파가마마 |다자마아차가가 |나나하카나타파 |$2a$10$P5iQf/T1RO3dgTG0ewDQlelpvzkbgsjvgces8czY7ZnjiviTgb0My |0        |2024-03-20 11:48:38.0 |
|103010   |사라아다마마다 |자타카차라사가 |파자마파파자카 |$2a$10$r.fBvJP82RKVN1hcWHyUB.5YEotfsrKN8KQrr.hIwe/3tz1F.RSe. |0        |2024-03-20 11:48:38.0 |
|103005   |다타마다바차사 |마차사아차아가 |차나마라나사하 |$2a$10$c1sTqAPTMammvrpkAtSNYOmWaJeVmn.6/A1Oyvm7A5fMraxkc2Gp. |0        |2024-03-20 11:48:38.0 |
|103007   |바다라마라다바 |바바바타마다사 |가다다자타다마 |$2a$10$l5.aTTZywlaSnPMdz665XeuhpEy2ke9giTjpnd8D1T38NLnFSKuk. |0        |2024-03-20 11:48:38.0 |
|103012   |파자타타나하카 |가가나가타나다 |사사마나타나아 |$2a$10$V91k9JHLQUy7Xp9GK44Gr.g28MhmUznICOo5Nvp0e0jT4evUe9SYa |0        |2024-03-20 11:48:38.0 |
|103011   |사사라하사다차 |바다다하파마카 |나하바바가나아 |$2a$10$jHc57skKMSeiILuBuL2dZOeXNPLw00R9olngPogI.blvRJsvcTxxa |0        |2024-03-20 11:48:38.0 |
|103003   |하사바자사카차 |다파사하타차나 |사타하가자아파 |$2a$10$o.xCLM8.3mW4vaZqj0Ogq.ekfiWMsH5llNMJxMKPdCH7o9S5geCQW |0        |2024-03-20 11:48:38.0 |
|103004   |하차카다나하사 |라타파타자파다 |사사가타바사아 |$2a$10$TQ8/9GI3fLF8L2Wm0WriGeP.w6VwtwOQfacBdFd8w0O4sUBTSgYXS |0        |2024-03-20 11:48:38.0 |
|103008   |나아하바가다라 |바자차차파나차 |파나아라사파마 |$2a$10$e0RcyXhV/vjXwa24wKar/.Bjy1eX2iMzosvtjA8.C/lFYIiGUnZci |0        |2024-03-20 11:48:38.0 |
|103009   |다카나아카라자 |바다타라다나차 |바다바하아사다 |$2a$10$yVbW7wjKGKhUj7X3pJKzrOQA8qIDueiwx6CQmst87Yl2as8RG9Oaq |0        |2024-03-20 11:48:38.0 |
|---------|--------|--------|--------|-------------------------------------------------------------|---------|----------------------|

2024-03-20 11:50:36.320 [http-nio-8080-exec-5] INFO 
				jdbc.resultsettable - 
|---------|
|count(*) |
|---------|
|3303     |
|---------|

2024-03-20 11:50:36.328 [http-nio-8080-exec-5] INFO 
				jdbc.resultsettable - 
|---------|--------|--------|--------|-------------------------------------------------------------|---------|----------------------|
|board_id |writer  |subject |content |passwd                                                       |read_cnt |enroll_at             |
|---------|--------|--------|--------|-------------------------------------------------------------|---------|----------------------|
|103006   |카자자파가마마 |다자마아차가가 |나나하카나타파 |$2a$10$P5iQf/T1RO3dgTG0ewDQlelpvzkbgsjvgces8czY7ZnjiviTgb0My |0        |2024-03-20 11:48:38.0 |
|103010   |사라아다마마다 |자타카차라사가 |파자마파파자카 |$2a$10$r.fBvJP82RKVN1hcWHyUB.5YEotfsrKN8KQrr.hIwe/3tz1F.RSe. |0        |2024-03-20 11:48:38.0 |
|103005   |다타마다바차사 |마차사아차아가 |차나마라나사하 |$2a$10$c1sTqAPTMammvrpkAtSNYOmWaJeVmn.6/A1Oyvm7A5fMraxkc2Gp. |0        |2024-03-20 11:48:38.0 |
|103007   |바다라마라다바 |바바바타마다사 |가다다자타다마 |$2a$10$l5.aTTZywlaSnPMdz665XeuhpEy2ke9giTjpnd8D1T38NLnFSKuk. |0        |2024-03-20 11:48:38.0 |
|103012   |파자타타나하카 |가가나가타나다 |사사마나타나아 |$2a$10$V91k9JHLQUy7Xp9GK44Gr.g28MhmUznICOo5Nvp0e0jT4evUe9SYa |0        |2024-03-20 11:48:38.0 |
|103011   |사사라하사다차 |바다다하파마카 |나하바바가나아 |$2a$10$jHc57skKMSeiILuBuL2dZOeXNPLw00R9olngPogI.blvRJsvcTxxa |0        |2024-03-20 11:48:38.0 |
|103003   |하사바자사카차 |다파사하타차나 |사타하가자아파 |$2a$10$o.xCLM8.3mW4vaZqj0Ogq.ekfiWMsH5llNMJxMKPdCH7o9S5geCQW |0        |2024-03-20 11:48:38.0 |
|103004   |하차카다나하사 |라타파타자파다 |사사가타바사아 |$2a$10$TQ8/9GI3fLF8L2Wm0WriGeP.w6VwtwOQfacBdFd8w0O4sUBTSgYXS |0        |2024-03-20 11:48:38.0 |
|103008   |나아하바가다라 |바자차차파나차 |파나아라사파마 |$2a$10$e0RcyXhV/vjXwa24wKar/.Bjy1eX2iMzosvtjA8.C/lFYIiGUnZci |0        |2024-03-20 11:48:38.0 |
|103009   |다카나아카라자 |바다타라다나차 |바다바하아사다 |$2a$10$yVbW7wjKGKhUj7X3pJKzrOQA8qIDueiwx6CQmst87Yl2as8RG9Oaq |0        |2024-03-20 11:48:38.0 |
|---------|--------|--------|--------|-------------------------------------------------------------|---------|----------------------|

2024-03-20 11:50:37.554 [http-nio-8080-exec-7] INFO 
				jdbc.resultsettable - 
|---------|
|count(*) |
|---------|
|3303     |
|---------|

2024-03-20 11:50:37.561 [http-nio-8080-exec-7] INFO 
				jdbc.resultsettable - 
|---------|--------|--------|--------|-------------------------------------------------------------|---------|----------------------|
|board_id |writer  |subject |content |passwd                                                       |read_cnt |enroll_at             |
|---------|--------|--------|--------|-------------------------------------------------------------|---------|----------------------|
|103006   |카자자파가마마 |다자마아차가가 |나나하카나타파 |$2a$10$P5iQf/T1RO3dgTG0ewDQlelpvzkbgsjvgces8czY7ZnjiviTgb0My |0        |2024-03-20 11:48:38.0 |
|103010   |사라아다마마다 |자타카차라사가 |파자마파파자카 |$2a$10$r.fBvJP82RKVN1hcWHyUB.5YEotfsrKN8KQrr.hIwe/3tz1F.RSe. |0        |2024-03-20 11:48:38.0 |
|103005   |다타마다바차사 |마차사아차아가 |차나마라나사하 |$2a$10$c1sTqAPTMammvrpkAtSNYOmWaJeVmn.6/A1Oyvm7A5fMraxkc2Gp. |0        |2024-03-20 11:48:38.0 |
|103007   |바다라마라다바 |바바바타마다사 |가다다자타다마 |$2a$10$l5.aTTZywlaSnPMdz665XeuhpEy2ke9giTjpnd8D1T38NLnFSKuk. |0        |2024-03-20 11:48:38.0 |
|103012   |파자타타나하카 |가가나가타나다 |사사마나타나아 |$2a$10$V91k9JHLQUy7Xp9GK44Gr.g28MhmUznICOo5Nvp0e0jT4evUe9SYa |0        |2024-03-20 11:48:38.0 |
|103011   |사사라하사다차 |바다다하파마카 |나하바바가나아 |$2a$10$jHc57skKMSeiILuBuL2dZOeXNPLw00R9olngPogI.blvRJsvcTxxa |0        |2024-03-20 11:48:38.0 |
|103003   |하사바자사카차 |다파사하타차나 |사타하가자아파 |$2a$10$o.xCLM8.3mW4vaZqj0Ogq.ekfiWMsH5llNMJxMKPdCH7o9S5geCQW |0        |2024-03-20 11:48:38.0 |
|103004   |하차카다나하사 |라타파타자파다 |사사가타바사아 |$2a$10$TQ8/9GI3fLF8L2Wm0WriGeP.w6VwtwOQfacBdFd8w0O4sUBTSgYXS |0        |2024-03-20 11:48:38.0 |
|103008   |나아하바가다라 |바자차차파나차 |파나아라사파마 |$2a$10$e0RcyXhV/vjXwa24wKar/.Bjy1eX2iMzosvtjA8.C/lFYIiGUnZci |0        |2024-03-20 11:48:38.0 |
|103009   |다카나아카라자 |바다타라다나차 |바다바하아사다 |$2a$10$yVbW7wjKGKhUj7X3pJKzrOQA8qIDueiwx6CQmst87Yl2as8RG9Oaq |0        |2024-03-20 11:48:38.0 |
|---------|--------|--------|--------|-------------------------------------------------------------|---------|----------------------|

2024-03-20 11:50:45.715 [http-nio-8080-exec-3] INFO 
				jdbc.resultsettable - 
|---------|
|count(*) |
|---------|
|3304     |
|---------|

2024-03-20 11:50:45.715 [http-nio-8080-exec-3] INFO 
				jdbc.resultsettable - 
|---------|--------|--------|--------|-------------------------------------------------------------|---------|----------------------|
|board_id |writer  |subject |content |passwd                                                       |read_cnt |enroll_at             |
|---------|--------|--------|--------|-------------------------------------------------------------|---------|----------------------|
|103006   |카자자파가마마 |다자마아차가가 |나나하카나타파 |$2a$10$P5iQf/T1RO3dgTG0ewDQlelpvzkbgsjvgces8czY7ZnjiviTgb0My |0        |2024-03-20 11:48:38.0 |
|103010   |사라아다마마다 |자타카차라사가 |파자마파파자카 |$2a$10$r.fBvJP82RKVN1hcWHyUB.5YEotfsrKN8KQrr.hIwe/3tz1F.RSe. |0        |2024-03-20 11:48:38.0 |
|103005   |다타마다바차사 |마차사아차아가 |차나마라나사하 |$2a$10$c1sTqAPTMammvrpkAtSNYOmWaJeVmn.6/A1Oyvm7A5fMraxkc2Gp. |0        |2024-03-20 11:48:38.0 |
|103007   |바다라마라다바 |바바바타마다사 |가다다자타다마 |$2a$10$l5.aTTZywlaSnPMdz665XeuhpEy2ke9giTjpnd8D1T38NLnFSKuk. |0        |2024-03-20 11:48:38.0 |
|103012   |파자타타나하카 |가가나가타나다 |사사마나타나아 |$2a$10$V91k9JHLQUy7Xp9GK44Gr.g28MhmUznICOo5Nvp0e0jT4evUe9SYa |0        |2024-03-20 11:48:38.0 |
|103011   |사사라하사다차 |바다다하파마카 |나하바바가나아 |$2a$10$jHc57skKMSeiILuBuL2dZOeXNPLw00R9olngPogI.blvRJsvcTxxa |0        |2024-03-20 11:48:38.0 |
|103003   |하사바자사카차 |다파사하타차나 |사타하가자아파 |$2a$10$o.xCLM8.3mW4vaZqj0Ogq.ekfiWMsH5llNMJxMKPdCH7o9S5geCQW |0        |2024-03-20 11:48:38.0 |
|103004   |하차카다나하사 |라타파타자파다 |사사가타바사아 |$2a$10$TQ8/9GI3fLF8L2Wm0WriGeP.w6VwtwOQfacBdFd8w0O4sUBTSgYXS |0        |2024-03-20 11:48:38.0 |
|103008   |나아하바가다라 |바자차차파나차 |파나아라사파마 |$2a$10$e0RcyXhV/vjXwa24wKar/.Bjy1eX2iMzosvtjA8.C/lFYIiGUnZci |0        |2024-03-20 11:48:38.0 |
|103009   |다카나아카라자 |바다타라다나차 |바다바하아사다 |$2a$10$yVbW7wjKGKhUj7X3pJKzrOQA8qIDueiwx6CQmst87Yl2as8RG9Oaq |0        |2024-03-20 11:48:38.0 |
|---------|--------|--------|--------|-------------------------------------------------------------|---------|----------------------|

2024-03-20 11:52:36.889 [http-nio-8080-exec-10] INFO 
				jdbc.resultsettable - 
|---------|
|count(*) |
|---------|
|3304     |
|---------|

2024-03-20 11:52:36.897 [http-nio-8080-exec-10] INFO 
				jdbc.resultsettable - 
|---------|--------|--------|--------|-------------------------------------------------------------|---------|----------------------|
|board_id |writer  |subject |content |passwd                                                       |read_cnt |enroll_at             |
|---------|--------|--------|--------|-------------------------------------------------------------|---------|----------------------|
|103006   |카자자파가마마 |다자마아차가가 |나나하카나타파 |$2a$10$P5iQf/T1RO3dgTG0ewDQlelpvzkbgsjvgces8czY7ZnjiviTgb0My |0        |2024-03-20 11:48:38.0 |
|103010   |사라아다마마다 |자타카차라사가 |파자마파파자카 |$2a$10$r.fBvJP82RKVN1hcWHyUB.5YEotfsrKN8KQrr.hIwe/3tz1F.RSe. |0        |2024-03-20 11:48:38.0 |
|103005   |다타마다바차사 |마차사아차아가 |차나마라나사하 |$2a$10$c1sTqAPTMammvrpkAtSNYOmWaJeVmn.6/A1Oyvm7A5fMraxkc2Gp. |0        |2024-03-20 11:48:38.0 |
|103007   |바다라마라다바 |바바바타마다사 |가다다자타다마 |$2a$10$l5.aTTZywlaSnPMdz665XeuhpEy2ke9giTjpnd8D1T38NLnFSKuk. |0        |2024-03-20 11:48:38.0 |
|103012   |파자타타나하카 |가가나가타나다 |사사마나타나아 |$2a$10$V91k9JHLQUy7Xp9GK44Gr.g28MhmUznICOo5Nvp0e0jT4evUe9SYa |0        |2024-03-20 11:48:38.0 |
|103011   |사사라하사다차 |바다다하파마카 |나하바바가나아 |$2a$10$jHc57skKMSeiILuBuL2dZOeXNPLw00R9olngPogI.blvRJsvcTxxa |0        |2024-03-20 11:48:38.0 |
|103003   |하사바자사카차 |다파사하타차나 |사타하가자아파 |$2a$10$o.xCLM8.3mW4vaZqj0Ogq.ekfiWMsH5llNMJxMKPdCH7o9S5geCQW |0        |2024-03-20 11:48:38.0 |
|103004   |하차카다나하사 |라타파타자파다 |사사가타바사아 |$2a$10$TQ8/9GI3fLF8L2Wm0WriGeP.w6VwtwOQfacBdFd8w0O4sUBTSgYXS |0        |2024-03-20 11:48:38.0 |
|103008   |나아하바가다라 |바자차차파나차 |파나아라사파마 |$2a$10$e0RcyXhV/vjXwa24wKar/.Bjy1eX2iMzosvtjA8.C/lFYIiGUnZci |0        |2024-03-20 11:48:38.0 |
|103009   |다카나아카라자 |바다타라다나차 |바다바하아사다 |$2a$10$yVbW7wjKGKhUj7X3pJKzrOQA8qIDueiwx6CQmst87Yl2as8RG9Oaq |0        |2024-03-20 11:48:38.0 |
|---------|--------|--------|--------|-------------------------------------------------------------|---------|----------------------|

2024-03-20 11:52:37.458 [http-nio-8080-exec-9] INFO 
				jdbc.resultsettable - 
|---------|
|count(*) |
|---------|
|3304     |
|---------|

2024-03-20 11:52:37.464 [http-nio-8080-exec-9] INFO 
				jdbc.resultsettable - 
|---------|--------|--------|--------|-------------------------------------------------------------|---------|----------------------|
|board_id |writer  |subject |content |passwd                                                       |read_cnt |enroll_at             |
|---------|--------|--------|--------|-------------------------------------------------------------|---------|----------------------|
|103006   |카자자파가마마 |다자마아차가가 |나나하카나타파 |$2a$10$P5iQf/T1RO3dgTG0ewDQlelpvzkbgsjvgces8czY7ZnjiviTgb0My |0        |2024-03-20 11:48:38.0 |
|103010   |사라아다마마다 |자타카차라사가 |파자마파파자카 |$2a$10$r.fBvJP82RKVN1hcWHyUB.5YEotfsrKN8KQrr.hIwe/3tz1F.RSe. |0        |2024-03-20 11:48:38.0 |
|103005   |다타마다바차사 |마차사아차아가 |차나마라나사하 |$2a$10$c1sTqAPTMammvrpkAtSNYOmWaJeVmn.6/A1Oyvm7A5fMraxkc2Gp. |0        |2024-03-20 11:48:38.0 |
|103007   |바다라마라다바 |바바바타마다사 |가다다자타다마 |$2a$10$l5.aTTZywlaSnPMdz665XeuhpEy2ke9giTjpnd8D1T38NLnFSKuk. |0        |2024-03-20 11:48:38.0 |
|103012   |파자타타나하카 |가가나가타나다 |사사마나타나아 |$2a$10$V91k9JHLQUy7Xp9GK44Gr.g28MhmUznICOo5Nvp0e0jT4evUe9SYa |0        |2024-03-20 11:48:38.0 |
|103011   |사사라하사다차 |바다다하파마카 |나하바바가나아 |$2a$10$jHc57skKMSeiILuBuL2dZOeXNPLw00R9olngPogI.blvRJsvcTxxa |0        |2024-03-20 11:48:38.0 |
|103003   |하사바자사카차 |다파사하타차나 |사타하가자아파 |$2a$10$o.xCLM8.3mW4vaZqj0Ogq.ekfiWMsH5llNMJxMKPdCH7o9S5geCQW |0        |2024-03-20 11:48:38.0 |
|103004   |하차카다나하사 |라타파타자파다 |사사가타바사아 |$2a$10$TQ8/9GI3fLF8L2Wm0WriGeP.w6VwtwOQfacBdFd8w0O4sUBTSgYXS |0        |2024-03-20 11:48:38.0 |
|103008   |나아하바가다라 |바자차차파나차 |파나아라사파마 |$2a$10$e0RcyXhV/vjXwa24wKar/.Bjy1eX2iMzosvtjA8.C/lFYIiGUnZci |0        |2024-03-20 11:48:38.0 |
|103009   |다카나아카라자 |바다타라다나차 |바다바하아사다 |$2a$10$yVbW7wjKGKhUj7X3pJKzrOQA8qIDueiwx6CQmst87Yl2as8RG9Oaq |0        |2024-03-20 11:48:38.0 |
|---------|--------|--------|--------|-------------------------------------------------------------|---------|----------------------|

2024-03-20 11:52:40.340 [http-nio-8080-exec-7] INFO 
				jdbc.resultsettable - 
|---------|
|count(*) |
|---------|
|3304     |
|---------|

2024-03-20 11:52:40.350 [http-nio-8080-exec-7] INFO 
				jdbc.resultsettable - 
|---------|--------|--------|--------|-------------------------------------------------------------|---------|----------------------|
|board_id |writer  |subject |content |passwd                                                       |read_cnt |enroll_at             |
|---------|--------|--------|--------|-------------------------------------------------------------|---------|----------------------|
|103006   |카자자파가마마 |다자마아차가가 |나나하카나타파 |$2a$10$P5iQf/T1RO3dgTG0ewDQlelpvzkbgsjvgces8czY7ZnjiviTgb0My |0        |2024-03-20 11:48:38.0 |
|103010   |사라아다마마다 |자타카차라사가 |파자마파파자카 |$2a$10$r.fBvJP82RKVN1hcWHyUB.5YEotfsrKN8KQrr.hIwe/3tz1F.RSe. |0        |2024-03-20 11:48:38.0 |
|103005   |다타마다바차사 |마차사아차아가 |차나마라나사하 |$2a$10$c1sTqAPTMammvrpkAtSNYOmWaJeVmn.6/A1Oyvm7A5fMraxkc2Gp. |0        |2024-03-20 11:48:38.0 |
|103007   |바다라마라다바 |바바바타마다사 |가다다자타다마 |$2a$10$l5.aTTZywlaSnPMdz665XeuhpEy2ke9giTjpnd8D1T38NLnFSKuk. |0        |2024-03-20 11:48:38.0 |
|103012   |파자타타나하카 |가가나가타나다 |사사마나타나아 |$2a$10$V91k9JHLQUy7Xp9GK44Gr.g28MhmUznICOo5Nvp0e0jT4evUe9SYa |0        |2024-03-20 11:48:38.0 |
|103011   |사사라하사다차 |바다다하파마카 |나하바바가나아 |$2a$10$jHc57skKMSeiILuBuL2dZOeXNPLw00R9olngPogI.blvRJsvcTxxa |0        |2024-03-20 11:48:38.0 |
|103003   |하사바자사카차 |다파사하타차나 |사타하가자아파 |$2a$10$o.xCLM8.3mW4vaZqj0Ogq.ekfiWMsH5llNMJxMKPdCH7o9S5geCQW |0        |2024-03-20 11:48:38.0 |
|103004   |하차카다나하사 |라타파타자파다 |사사가타바사아 |$2a$10$TQ8/9GI3fLF8L2Wm0WriGeP.w6VwtwOQfacBdFd8w0O4sUBTSgYXS |0        |2024-03-20 11:48:38.0 |
|103008   |나아하바가다라 |바자차차파나차 |파나아라사파마 |$2a$10$e0RcyXhV/vjXwa24wKar/.Bjy1eX2iMzosvtjA8.C/lFYIiGUnZci |0        |2024-03-20 11:48:38.0 |
|103009   |다카나아카라자 |바다타라다나차 |바다바하아사다 |$2a$10$yVbW7wjKGKhUj7X3pJKzrOQA8qIDueiwx6CQmst87Yl2as8RG9Oaq |0        |2024-03-20 11:48:38.0 |
|---------|--------|--------|--------|-------------------------------------------------------------|---------|----------------------|

2024-03-20 11:52:40.922 [http-nio-8080-exec-8] INFO 
				jdbc.resultsettable - 
|---------|
|count(*) |
|---------|
|3304     |
|---------|

2024-03-20 11:52:40.929 [http-nio-8080-exec-8] INFO 
				jdbc.resultsettable - 
|---------|--------|--------|--------|-------------------------------------------------------------|---------|----------------------|
|board_id |writer  |subject |content |passwd                                                       |read_cnt |enroll_at             |
|---------|--------|--------|--------|-------------------------------------------------------------|---------|----------------------|
|103006   |카자자파가마마 |다자마아차가가 |나나하카나타파 |$2a$10$P5iQf/T1RO3dgTG0ewDQlelpvzkbgsjvgces8czY7ZnjiviTgb0My |0        |2024-03-20 11:48:38.0 |
|103010   |사라아다마마다 |자타카차라사가 |파자마파파자카 |$2a$10$r.fBvJP82RKVN1hcWHyUB.5YEotfsrKN8KQrr.hIwe/3tz1F.RSe. |0        |2024-03-20 11:48:38.0 |
|103005   |다타마다바차사 |마차사아차아가 |차나마라나사하 |$2a$10$c1sTqAPTMammvrpkAtSNYOmWaJeVmn.6/A1Oyvm7A5fMraxkc2Gp. |0        |2024-03-20 11:48:38.0 |
|103007   |바다라마라다바 |바바바타마다사 |가다다자타다마 |$2a$10$l5.aTTZywlaSnPMdz665XeuhpEy2ke9giTjpnd8D1T38NLnFSKuk. |0        |2024-03-20 11:48:38.0 |
|103012   |파자타타나하카 |가가나가타나다 |사사마나타나아 |$2a$10$V91k9JHLQUy7Xp9GK44Gr.g28MhmUznICOo5Nvp0e0jT4evUe9SYa |0        |2024-03-20 11:48:38.0 |
|103011   |사사라하사다차 |바다다하파마카 |나하바바가나아 |$2a$10$jHc57skKMSeiILuBuL2dZOeXNPLw00R9olngPogI.blvRJsvcTxxa |0        |2024-03-20 11:48:38.0 |
|103003   |하사바자사카차 |다파사하타차나 |사타하가자아파 |$2a$10$o.xCLM8.3mW4vaZqj0Ogq.ekfiWMsH5llNMJxMKPdCH7o9S5geCQW |0        |2024-03-20 11:48:38.0 |
|103004   |하차카다나하사 |라타파타자파다 |사사가타바사아 |$2a$10$TQ8/9GI3fLF8L2Wm0WriGeP.w6VwtwOQfacBdFd8w0O4sUBTSgYXS |0        |2024-03-20 11:48:38.0 |
|103008   |나아하바가다라 |바자차차파나차 |파나아라사파마 |$2a$10$e0RcyXhV/vjXwa24wKar/.Bjy1eX2iMzosvtjA8.C/lFYIiGUnZci |0        |2024-03-20 11:48:38.0 |
|103009   |다카나아카라자 |바다타라다나차 |바다바하아사다 |$2a$10$yVbW7wjKGKhUj7X3pJKzrOQA8qIDueiwx6CQmst87Yl2as8RG9Oaq |0        |2024-03-20 11:48:38.0 |
|---------|--------|--------|--------|-------------------------------------------------------------|---------|----------------------|

2024-03-20 11:52:42.082 [http-nio-8080-exec-1] INFO 
				jdbc.resultsettable - 
|---------|
|count(*) |
|---------|
|3304     |
|---------|

2024-03-20 11:52:42.088 [http-nio-8080-exec-1] INFO 
				jdbc.resultsettable - 
|---------|--------|--------|--------|-------------------------------------------------------------|---------|----------------------|
|board_id |writer  |subject |content |passwd                                                       |read_cnt |enroll_at             |
|---------|--------|--------|--------|-------------------------------------------------------------|---------|----------------------|
|103006   |카자자파가마마 |다자마아차가가 |나나하카나타파 |$2a$10$P5iQf/T1RO3dgTG0ewDQlelpvzkbgsjvgces8czY7ZnjiviTgb0My |0        |2024-03-20 11:48:38.0 |
|103010   |사라아다마마다 |자타카차라사가 |파자마파파자카 |$2a$10$r.fBvJP82RKVN1hcWHyUB.5YEotfsrKN8KQrr.hIwe/3tz1F.RSe. |0        |2024-03-20 11:48:38.0 |
|103005   |다타마다바차사 |마차사아차아가 |차나마라나사하 |$2a$10$c1sTqAPTMammvrpkAtSNYOmWaJeVmn.6/A1Oyvm7A5fMraxkc2Gp. |0        |2024-03-20 11:48:38.0 |
|103007   |바다라마라다바 |바바바타마다사 |가다다자타다마 |$2a$10$l5.aTTZywlaSnPMdz665XeuhpEy2ke9giTjpnd8D1T38NLnFSKuk. |0        |2024-03-20 11:48:38.0 |
|103012   |파자타타나하카 |가가나가타나다 |사사마나타나아 |$2a$10$V91k9JHLQUy7Xp9GK44Gr.g28MhmUznICOo5Nvp0e0jT4evUe9SYa |0        |2024-03-20 11:48:38.0 |
|103011   |사사라하사다차 |바다다하파마카 |나하바바가나아 |$2a$10$jHc57skKMSeiILuBuL2dZOeXNPLw00R9olngPogI.blvRJsvcTxxa |0        |2024-03-20 11:48:38.0 |
|103003   |하사바자사카차 |다파사하타차나 |사타하가자아파 |$2a$10$o.xCLM8.3mW4vaZqj0Ogq.ekfiWMsH5llNMJxMKPdCH7o9S5geCQW |0        |2024-03-20 11:48:38.0 |
|103004   |하차카다나하사 |라타파타자파다 |사사가타바사아 |$2a$10$TQ8/9GI3fLF8L2Wm0WriGeP.w6VwtwOQfacBdFd8w0O4sUBTSgYXS |0        |2024-03-20 11:48:38.0 |
|103008   |나아하바가다라 |바자차차파나차 |파나아라사파마 |$2a$10$e0RcyXhV/vjXwa24wKar/.Bjy1eX2iMzosvtjA8.C/lFYIiGUnZci |0        |2024-03-20 11:48:38.0 |
|103009   |다카나아카라자 |바다타라다나차 |바다바하아사다 |$2a$10$yVbW7wjKGKhUj7X3pJKzrOQA8qIDueiwx6CQmst87Yl2as8RG9Oaq |0        |2024-03-20 11:48:38.0 |
|---------|--------|--------|--------|-------------------------------------------------------------|---------|----------------------|

