2024-03-24 15:04:33.204 [http-nio-8080-exec-1] INFO 
				jdbc.resultsettable - 
|---------|
|count(*) |
|---------|
|3        |
|---------|

2024-03-24 15:04:33.225 [http-nio-8080-exec-1] INFO 
				jdbc.resultsettable - 
|---------|-------|--------|-----------------|-------------------------------------------------------------|---------|----------------------|
|board_id |writer |subject |content          |passwd                                                       |read_cnt |enroll_at             |
|---------|-------|--------|-----------------|-------------------------------------------------------------|---------|----------------------|
|103306   |c      |c       |<p>c 비번입dd</p>
 |$2a$10$6adDoI4GmLjYz0Hts7ghpOa2IrkUDObFUWcyKaoRqUHR0M9q.n.Wu |36       |2024-03-22 17:18:51.0 |
|103305   |b      |b       |<p>b</p>
       |b                                                            |0        |2024-03-21 12:16:03.0 |
|103304   |a      |a       |<p>a</p>
       |a                                                            |2        |2024-03-21 12:14:43.0 |
|---------|-------|--------|-----------------|-------------------------------------------------------------|---------|----------------------|

2024-03-24 15:04:36.611 [http-nio-8080-exec-4] INFO 
				jdbc.resultsettable - 
|---------|-------|--------|-----------------|-------------------------------------------------------------|---------|----------------------|
|board_id |writer |subject |content          |passwd                                                       |read_cnt |enroll_at             |
|---------|-------|--------|-----------------|-------------------------------------------------------------|---------|----------------------|
|103306   |c      |c       |<p>c 비번입dd</p>
 |$2a$10$6adDoI4GmLjYz0Hts7ghpOa2IrkUDObFUWcyKaoRqUHR0M9q.n.Wu |37       |2024-03-22 17:18:51.0 |
|---------|-------|--------|-----------------|-------------------------------------------------------------|---------|----------------------|

2024-03-24 15:04:38.065 [http-nio-8080-exec-5] INFO 
				jdbc.resultsettable - 
|---------|-------|--------|-----------------|-------------------------------------------------------------|---------|----------------------|
|board_id |writer |subject |content          |passwd                                                       |read_cnt |enroll_at             |
|---------|-------|--------|-----------------|-------------------------------------------------------------|---------|----------------------|
|103306   |c      |c       |<p>c 비번입dd</p>
 |$2a$10$6adDoI4GmLjYz0Hts7ghpOa2IrkUDObFUWcyKaoRqUHR0M9q.n.Wu |37       |2024-03-22 17:18:51.0 |
|---------|-------|--------|-----------------|-------------------------------------------------------------|---------|----------------------|

2024-03-24 15:04:42.526 [http-nio-8080-exec-6] INFO 
				jdbc.resultsettable - 
|-------------------------------------------------------------|
|passwd                                                       |
|-------------------------------------------------------------|
|$2a$10$6adDoI4GmLjYz0Hts7ghpOa2IrkUDObFUWcyKaoRqUHR0M9q.n.Wu |
|-------------------------------------------------------------|

2024-03-24 15:11:32.121 [http-nio-8080-exec-2] INFO 
				jdbc.resultsettable - 
|---------|-------|--------|-----------------|-------------------------------------------------------------|---------|----------------------|
|board_id |writer |subject |content          |passwd                                                       |read_cnt |enroll_at             |
|---------|-------|--------|-----------------|-------------------------------------------------------------|---------|----------------------|
|103306   |c      |c       |<p>c 비번입dd</p>
 |$2a$10$6adDoI4GmLjYz0Hts7ghpOa2IrkUDObFUWcyKaoRqUHR0M9q.n.Wu |37       |2024-03-22 17:18:51.0 |
|---------|-------|--------|-----------------|-------------------------------------------------------------|---------|----------------------|

2024-03-24 15:11:33.825 [http-nio-8080-exec-3] INFO 
				jdbc.resultsettable - 
|---------|-------|--------|-----------------|-------------------------------------------------------------|---------|----------------------|
|board_id |writer |subject |content          |passwd                                                       |read_cnt |enroll_at             |
|---------|-------|--------|-----------------|-------------------------------------------------------------|---------|----------------------|
|103306   |c      |c       |<p>c 비번입dd</p>
 |$2a$10$6adDoI4GmLjYz0Hts7ghpOa2IrkUDObFUWcyKaoRqUHR0M9q.n.Wu |37       |2024-03-22 17:18:51.0 |
|---------|-------|--------|-----------------|-------------------------------------------------------------|---------|----------------------|

2024-03-24 15:11:34.557 [http-nio-8080-exec-4] INFO 
				jdbc.resultsettable - 
|---------|-------|--------|-----------------|-------------------------------------------------------------|---------|----------------------|
|board_id |writer |subject |content          |passwd                                                       |read_cnt |enroll_at             |
|---------|-------|--------|-----------------|-------------------------------------------------------------|---------|----------------------|
|103306   |c      |c       |<p>c 비번입dd</p>
 |$2a$10$6adDoI4GmLjYz0Hts7ghpOa2IrkUDObFUWcyKaoRqUHR0M9q.n.Wu |37       |2024-03-22 17:18:51.0 |
|---------|-------|--------|-----------------|-------------------------------------------------------------|---------|----------------------|

2024-03-24 15:11:35.753 [http-nio-8080-exec-5] INFO 
				jdbc.resultsettable - 
|---------|-------|--------|-----------------|-------------------------------------------------------------|---------|----------------------|
|board_id |writer |subject |content          |passwd                                                       |read_cnt |enroll_at             |
|---------|-------|--------|-----------------|-------------------------------------------------------------|---------|----------------------|
|103306   |c      |c       |<p>c 비번입dd</p>
 |$2a$10$6adDoI4GmLjYz0Hts7ghpOa2IrkUDObFUWcyKaoRqUHR0M9q.n.Wu |38       |2024-03-22 17:18:51.0 |
|---------|-------|--------|-----------------|-------------------------------------------------------------|---------|----------------------|

2024-03-24 15:11:36.897 [http-nio-8080-exec-6] INFO 
				jdbc.resultsettable - 
|---------|-------|--------|-----------------|-------------------------------------------------------------|---------|----------------------|
|board_id |writer |subject |content          |passwd                                                       |read_cnt |enroll_at             |
|---------|-------|--------|-----------------|-------------------------------------------------------------|---------|----------------------|
|103306   |c      |c       |<p>c 비번입dd</p>
 |$2a$10$6adDoI4GmLjYz0Hts7ghpOa2IrkUDObFUWcyKaoRqUHR0M9q.n.Wu |39       |2024-03-22 17:18:51.0 |
|---------|-------|--------|-----------------|-------------------------------------------------------------|---------|----------------------|

2024-03-24 15:11:37.785 [http-nio-8080-exec-7] INFO 
				jdbc.resultsettable - 
|---------|-------|--------|-----------------|-------------------------------------------------------------|---------|----------------------|
|board_id |writer |subject |content          |passwd                                                       |read_cnt |enroll_at             |
|---------|-------|--------|-----------------|-------------------------------------------------------------|---------|----------------------|
|103306   |c      |c       |<p>c 비번입dd</p>
 |$2a$10$6adDoI4GmLjYz0Hts7ghpOa2IrkUDObFUWcyKaoRqUHR0M9q.n.Wu |39       |2024-03-22 17:18:51.0 |
|---------|-------|--------|-----------------|-------------------------------------------------------------|---------|----------------------|

2024-03-24 15:11:39.893 [http-nio-8080-exec-8] INFO 
				jdbc.resultsettable - 
|-------------------------------------------------------------|
|passwd                                                       |
|-------------------------------------------------------------|
|$2a$10$6adDoI4GmLjYz0Hts7ghpOa2IrkUDObFUWcyKaoRqUHR0M9q.n.Wu |
|-------------------------------------------------------------|

2024-03-24 15:13:15.919 [http-nio-8080-exec-2] INFO 
				jdbc.resultsettable - 
|---------|-------|--------|--------|-------|---------|----------|
|board_id |writer |subject |content |passwd |read_cnt |enroll_at |
|---------|-------|--------|--------|-------|---------|----------|
|---------|-------|--------|--------|-------|---------|----------|

2024-03-24 15:13:17.531 [http-nio-8080-exec-3] INFO 
				jdbc.resultsettable - 
|---------|-------|--------|--------|-------|---------|----------|
|board_id |writer |subject |content |passwd |read_cnt |enroll_at |
|---------|-------|--------|--------|-------|---------|----------|
|---------|-------|--------|--------|-------|---------|----------|

2024-03-24 15:13:25.073 [http-nio-8080-exec-4] INFO 
				jdbc.resultsettable - 
|---------|
|count(*) |
|---------|
|2        |
|---------|

2024-03-24 15:13:25.079 [http-nio-8080-exec-4] INFO 
				jdbc.resultsettable - 
|---------|-------|--------|-----------|-------|---------|----------------------|
|board_id |writer |subject |content    |passwd |read_cnt |enroll_at             |
|---------|-------|--------|-----------|-------|---------|----------------------|
|103305   |b      |b       |<p>b</p>
 |b      |0        |2024-03-21 12:16:03.0 |
|103304   |a      |a       |<p>a</p>
 |a      |2        |2024-03-21 12:14:43.0 |
|---------|-------|--------|-----------|-------|---------|----------------------|

2024-03-24 15:13:34.180 [http-nio-8080-exec-9] INFO 
				jdbc.resultsettable - 
|---------|
|count(*) |
|---------|
|3        |
|---------|

2024-03-24 15:13:34.186 [http-nio-8080-exec-9] INFO 
				jdbc.resultsettable - 
|---------|-------|--------|-----------|-------------------------------------------------------------|---------|----------------------|
|board_id |writer |subject |content    |passwd                                                       |read_cnt |enroll_at             |
|---------|-------|--------|-----------|-------------------------------------------------------------|---------|----------------------|
|103307   |g      |g       |<p>g</p>
 |$2a$10$aOIAw0V/pw5XXLW6l79zje8AWxLAgMI0mgWHLan/zlRpw8QeHdJPG |0        |2024-03-24 15:13:34.0 |
|103305   |b      |b       |<p>b</p>
 |b                                                            |0        |2024-03-21 12:16:03.0 |
|103304   |a      |a       |<p>a</p>
 |a                                                            |2        |2024-03-21 12:14:43.0 |
|---------|-------|--------|-----------|-------------------------------------------------------------|---------|----------------------|

2024-03-24 15:13:35.630 [http-nio-8080-exec-3] INFO 
				jdbc.resultsettable - 
|---------|-------|--------|-----------|-------------------------------------------------------------|---------|----------------------|
|board_id |writer |subject |content    |passwd                                                       |read_cnt |enroll_at             |
|---------|-------|--------|-----------|-------------------------------------------------------------|---------|----------------------|
|103307   |g      |g       |<p>g</p>
 |$2a$10$aOIAw0V/pw5XXLW6l79zje8AWxLAgMI0mgWHLan/zlRpw8QeHdJPG |1        |2024-03-24 15:13:34.0 |
|---------|-------|--------|-----------|-------------------------------------------------------------|---------|----------------------|

2024-03-24 15:13:36.969 [http-nio-8080-exec-2] INFO 
				jdbc.resultsettable - 
|---------|-------|--------|-----------|-------------------------------------------------------------|---------|----------------------|
|board_id |writer |subject |content    |passwd                                                       |read_cnt |enroll_at             |
|---------|-------|--------|-----------|-------------------------------------------------------------|---------|----------------------|
|103307   |g      |g       |<p>g</p>
 |$2a$10$aOIAw0V/pw5XXLW6l79zje8AWxLAgMI0mgWHLan/zlRpw8QeHdJPG |1        |2024-03-24 15:13:34.0 |
|---------|-------|--------|-----------|-------------------------------------------------------------|---------|----------------------|

2024-03-24 15:13:38.278 [http-nio-8080-exec-4] INFO 
				jdbc.resultsettable - 
|-------------------------------------------------------------|
|passwd                                                       |
|-------------------------------------------------------------|
|$2a$10$aOIAw0V/pw5XXLW6l79zje8AWxLAgMI0mgWHLan/zlRpw8QeHdJPG |
|-------------------------------------------------------------|

2024-03-24 15:22:47.229 [http-nio-8080-exec-2] INFO 
				jdbc.resultsettable - 
|---------|-------|--------|--------|-------|---------|----------|
|board_id |writer |subject |content |passwd |read_cnt |enroll_at |
|---------|-------|--------|--------|-------|---------|----------|
|---------|-------|--------|--------|-------|---------|----------|

2024-03-24 15:22:49.464 [http-nio-8080-exec-3] INFO 
				jdbc.resultsettable - 
|---------|-------|--------|--------|-------|---------|----------|
|board_id |writer |subject |content |passwd |read_cnt |enroll_at |
|---------|-------|--------|--------|-------|---------|----------|
|---------|-------|--------|--------|-------|---------|----------|

2024-03-24 15:22:49.805 [http-nio-8080-exec-4] INFO 
				jdbc.resultsettable - 
|---------|
|count(*) |
|---------|
|2        |
|---------|

2024-03-24 15:22:49.818 [http-nio-8080-exec-4] INFO 
				jdbc.resultsettable - 
|---------|-------|--------|-----------|-------|---------|----------------------|
|board_id |writer |subject |content    |passwd |read_cnt |enroll_at             |
|---------|-------|--------|-----------|-------|---------|----------------------|
|103305   |b      |b       |<p>b</p>
 |b      |0        |2024-03-21 12:16:03.0 |
|103304   |a      |a       |<p>a</p>
 |a      |2        |2024-03-21 12:14:43.0 |
|---------|-------|--------|-----------|-------|---------|----------------------|

2024-03-24 15:22:53.896 [http-nio-8080-exec-6] INFO 
				jdbc.resultsettable - 
|---------|
|count(*) |
|---------|
|2        |
|---------|

2024-03-24 15:22:53.900 [http-nio-8080-exec-6] INFO 
				jdbc.resultsettable - 
|---------|-------|--------|-----------|-------|---------|----------------------|
|board_id |writer |subject |content    |passwd |read_cnt |enroll_at             |
|---------|-------|--------|-----------|-------|---------|----------------------|
|103305   |b      |b       |<p>b</p>
 |b      |0        |2024-03-21 12:16:03.0 |
|103304   |a      |a       |<p>a</p>
 |a      |2        |2024-03-21 12:14:43.0 |
|---------|-------|--------|-----------|-------|---------|----------------------|

2024-03-24 15:23:00.412 [http-nio-8080-exec-2] INFO 
				jdbc.resultsettable - 
|---------|
|count(*) |
|---------|
|3        |
|---------|

2024-03-24 15:23:00.417 [http-nio-8080-exec-2] INFO 
				jdbc.resultsettable - 
|---------|-------|--------|-----------|-------------------------------------------------------------|---------|----------------------|
|board_id |writer |subject |content    |passwd                                                       |read_cnt |enroll_at             |
|---------|-------|--------|-----------|-------------------------------------------------------------|---------|----------------------|
|103308   |e      |e       |<p>e</p>
 |$2a$10$eLgJwlifCpb15NS8Q/OJcuAPL1LNwEcnJD1eV.4Mh6m2G0Ghz1F3S |0        |2024-03-24 15:23:00.0 |
|103305   |b      |b       |<p>b</p>
 |b                                                            |0        |2024-03-21 12:16:03.0 |
|103304   |a      |a       |<p>a</p>
 |a                                                            |2        |2024-03-21 12:14:43.0 |
|---------|-------|--------|-----------|-------------------------------------------------------------|---------|----------------------|

2024-03-24 15:23:02.649 [http-nio-8080-exec-6] INFO 
				jdbc.resultsettable - 
|---------|-------|--------|-----------|-------------------------------------------------------------|---------|----------------------|
|board_id |writer |subject |content    |passwd                                                       |read_cnt |enroll_at             |
|---------|-------|--------|-----------|-------------------------------------------------------------|---------|----------------------|
|103308   |e      |e       |<p>e</p>
 |$2a$10$eLgJwlifCpb15NS8Q/OJcuAPL1LNwEcnJD1eV.4Mh6m2G0Ghz1F3S |1        |2024-03-24 15:23:00.0 |
|---------|-------|--------|-----------|-------------------------------------------------------------|---------|----------------------|

2024-03-24 15:23:04.018 [http-nio-8080-exec-5] INFO 
				jdbc.resultsettable - 
|---------|-------|--------|-----------|-------------------------------------------------------------|---------|----------------------|
|board_id |writer |subject |content    |passwd                                                       |read_cnt |enroll_at             |
|---------|-------|--------|-----------|-------------------------------------------------------------|---------|----------------------|
|103308   |e      |e       |<p>e</p>
 |$2a$10$eLgJwlifCpb15NS8Q/OJcuAPL1LNwEcnJD1eV.4Mh6m2G0Ghz1F3S |1        |2024-03-24 15:23:00.0 |
|---------|-------|--------|-----------|-------------------------------------------------------------|---------|----------------------|

2024-03-24 15:23:05.501 [http-nio-8080-exec-7] INFO 
				jdbc.resultsettable - 
|-------------------------------------------------------------|
|passwd                                                       |
|-------------------------------------------------------------|
|$2a$10$eLgJwlifCpb15NS8Q/OJcuAPL1LNwEcnJD1eV.4Mh6m2G0Ghz1F3S |
|-------------------------------------------------------------|

2024-03-24 15:24:03.507 [http-nio-8080-exec-2] INFO 
				jdbc.resultsettable - 
|---------|-------|--------|--------|-------|---------|----------|
|board_id |writer |subject |content |passwd |read_cnt |enroll_at |
|---------|-------|--------|--------|-------|---------|----------|
|---------|-------|--------|--------|-------|---------|----------|

2024-03-24 15:24:04.260 [http-nio-8080-exec-3] INFO 
				jdbc.resultsettable - 
|---------|-------|--------|--------|-------|---------|----------|
|board_id |writer |subject |content |passwd |read_cnt |enroll_at |
|---------|-------|--------|--------|-------|---------|----------|
|---------|-------|--------|--------|-------|---------|----------|

2024-03-24 15:24:04.880 [http-nio-8080-exec-4] INFO 
				jdbc.resultsettable - 
|---------|-------|--------|--------|-------|---------|----------|
|board_id |writer |subject |content |passwd |read_cnt |enroll_at |
|---------|-------|--------|--------|-------|---------|----------|
|---------|-------|--------|--------|-------|---------|----------|

2024-03-24 15:24:05.623 [http-nio-8080-exec-5] INFO 
				jdbc.resultsettable - 
|---------|
|count(*) |
|---------|
|2        |
|---------|

2024-03-24 15:24:05.627 [http-nio-8080-exec-5] INFO 
				jdbc.resultsettable - 
|---------|-------|--------|-----------|-------|---------|----------------------|
|board_id |writer |subject |content    |passwd |read_cnt |enroll_at             |
|---------|-------|--------|-----------|-------|---------|----------------------|
|103305   |b      |b       |<p>b</p>
 |b      |0        |2024-03-21 12:16:03.0 |
|103304   |a      |a       |<p>a</p>
 |a      |2        |2024-03-21 12:14:43.0 |
|---------|-------|--------|-----------|-------|---------|----------------------|

2024-03-24 15:24:06.724 [http-nio-8080-exec-7] INFO 
				jdbc.resultsettable - 
|---------|
|count(*) |
|---------|
|2        |
|---------|

2024-03-24 15:24:06.728 [http-nio-8080-exec-7] INFO 
				jdbc.resultsettable - 
|---------|-------|--------|-----------|-------|---------|----------------------|
|board_id |writer |subject |content    |passwd |read_cnt |enroll_at             |
|---------|-------|--------|-----------|-------|---------|----------------------|
|103305   |b      |b       |<p>b</p>
 |b      |0        |2024-03-21 12:16:03.0 |
|103304   |a      |a       |<p>a</p>
 |a      |2        |2024-03-21 12:14:43.0 |
|---------|-------|--------|-----------|-------|---------|----------------------|

2024-03-24 15:24:16.304 [http-nio-8080-exec-3] INFO 
				jdbc.resultsettable - 
|---------|
|count(*) |
|---------|
|3        |
|---------|

2024-03-24 15:24:16.316 [http-nio-8080-exec-3] INFO 
				jdbc.resultsettable - 
|---------|-------|--------|-----------|-------------------------------------------------------------|---------|----------------------|
|board_id |writer |subject |content    |passwd                                                       |read_cnt |enroll_at             |
|---------|-------|--------|-----------|-------------------------------------------------------------|---------|----------------------|
|103309   |g      |g       |<p>g</p>
 |$2a$10$enAJMzaDa9pcaU60cwE9UOlR1pzps6r7D5F8Q9ej4Kl.3Hvv6pKVy |0        |2024-03-24 15:24:16.0 |
|103305   |b      |b       |<p>b</p>
 |b                                                            |0        |2024-03-21 12:16:03.0 |
|103304   |a      |a       |<p>a</p>
 |a                                                            |2        |2024-03-21 12:14:43.0 |
|---------|-------|--------|-----------|-------------------------------------------------------------|---------|----------------------|

2024-03-24 15:24:17.641 [http-nio-8080-exec-6] INFO 
				jdbc.resultsettable - 
|---------|-------|--------|-----------|-------------------------------------------------------------|---------|----------------------|
|board_id |writer |subject |content    |passwd                                                       |read_cnt |enroll_at             |
|---------|-------|--------|-----------|-------------------------------------------------------------|---------|----------------------|
|103309   |g      |g       |<p>g</p>
 |$2a$10$enAJMzaDa9pcaU60cwE9UOlR1pzps6r7D5F8Q9ej4Kl.3Hvv6pKVy |1        |2024-03-24 15:24:16.0 |
|---------|-------|--------|-----------|-------------------------------------------------------------|---------|----------------------|

2024-03-24 15:24:18.808 [http-nio-8080-exec-5] INFO 
				jdbc.resultsettable - 
|---------|-------|--------|-----------|-------------------------------------------------------------|---------|----------------------|
|board_id |writer |subject |content    |passwd                                                       |read_cnt |enroll_at             |
|---------|-------|--------|-----------|-------------------------------------------------------------|---------|----------------------|
|103309   |g      |g       |<p>g</p>
 |$2a$10$enAJMzaDa9pcaU60cwE9UOlR1pzps6r7D5F8Q9ej4Kl.3Hvv6pKVy |1        |2024-03-24 15:24:16.0 |
|---------|-------|--------|-----------|-------------------------------------------------------------|---------|----------------------|

2024-03-24 15:24:20.452 [http-nio-8080-exec-8] INFO 
				jdbc.resultsettable - 
|-------------------------------------------------------------|
|passwd                                                       |
|-------------------------------------------------------------|
|$2a$10$enAJMzaDa9pcaU60cwE9UOlR1pzps6r7D5F8Q9ej4Kl.3Hvv6pKVy |
|-------------------------------------------------------------|

2024-03-24 15:24:22.952 [http-nio-8080-exec-1] INFO 
				jdbc.resultsettable - 
|---------|
|count(*) |
|---------|
|2        |
|---------|

2024-03-24 15:24:22.957 [http-nio-8080-exec-1] INFO 
				jdbc.resultsettable - 
|---------|-------|--------|-----------|-------|---------|----------------------|
|board_id |writer |subject |content    |passwd |read_cnt |enroll_at             |
|---------|-------|--------|-----------|-------|---------|----------------------|
|103305   |b      |b       |<p>b</p>
 |b      |0        |2024-03-21 12:16:03.0 |
|103304   |a      |a       |<p>a</p>
 |a      |2        |2024-03-21 12:14:43.0 |
|---------|-------|--------|-----------|-------|---------|----------------------|

2024-03-24 22:33:45.601 [http-nio-8080-exec-1] INFO 
				jdbc.resultsettable - 
|---------|
|count(*) |
|---------|
|2        |
|---------|

2024-03-24 22:33:45.620 [http-nio-8080-exec-1] INFO 
				jdbc.resultsettable - 
|---------|-------|--------|-----------|-------|---------|----------------------|
|board_id |writer |subject |content    |passwd |read_cnt |enroll_at             |
|---------|-------|--------|-----------|-------|---------|----------------------|
|103305   |b      |b       |<p>b</p>
 |b      |0        |2024-03-21 12:16:03.0 |
|103304   |a      |a       |<p>a</p>
 |a      |2        |2024-03-21 12:14:43.0 |
|---------|-------|--------|-----------|-------|---------|----------------------|

2024-03-24 22:33:54.171 [http-nio-8080-exec-7] INFO 
				jdbc.resultsettable - 
|---------|
|count(*) |
|---------|
|3        |
|---------|

2024-03-24 22:33:54.171 [http-nio-8080-exec-7] INFO 
				jdbc.resultsettable - 
|---------|-------|--------|-----------|-------------------------------------------------------------|---------|----------------------|
|board_id |writer |subject |content    |passwd                                                       |read_cnt |enroll_at             |
|---------|-------|--------|-----------|-------------------------------------------------------------|---------|----------------------|
|103310   |c      |c       |<p>c</p>
 |$2a$10$x06S4DdwVTv.52R7C4VF1eUCDI0KrcGBAEeVL52BiM9ZG15wmLoE2 |0        |2024-03-24 22:33:54.0 |
|103305   |b      |b       |<p>b</p>
 |b                                                            |0        |2024-03-21 12:16:03.0 |
|103304   |a      |a       |<p>a</p>
 |a                                                            |2        |2024-03-21 12:14:43.0 |
|---------|-------|--------|-----------|-------------------------------------------------------------|---------|----------------------|

2024-03-24 22:33:55.216 [http-nio-8080-exec-1] INFO 
				jdbc.resultsettable - 
|---------|-------|--------|-----------|-------------------------------------------------------------|---------|----------------------|
|board_id |writer |subject |content    |passwd                                                       |read_cnt |enroll_at             |
|---------|-------|--------|-----------|-------------------------------------------------------------|---------|----------------------|
|103310   |c      |c       |<p>c</p>
 |$2a$10$x06S4DdwVTv.52R7C4VF1eUCDI0KrcGBAEeVL52BiM9ZG15wmLoE2 |1        |2024-03-24 22:33:54.0 |
|---------|-------|--------|-----------|-------------------------------------------------------------|---------|----------------------|

2024-03-24 22:33:55.220 [http-nio-8080-exec-1] INFO 
				jdbc.resultsettable - 
|---------|
|count(*) |
|---------|
|0        |
|---------|

2024-03-24 22:33:55.222 [http-nio-8080-exec-1] INFO 
				jdbc.resultsettable - 
|---------|-------|--------|-------|----------|---------|
|reply_id |writer |content |passwd |enroll_at |board_id |
|---------|-------|--------|-------|----------|---------|
|---------|-------|--------|-------|----------|---------|

2024-03-24 22:34:00.030 [scheduling-1] INFO 
				jdbc.resultsettable - 
|----------|-------------|
|member_id |profile_uuid |
|----------|-------------|
|----------|-------------|

2024-03-24 22:34:00.043 [scheduling-1] INFO 
				jdbc.resultsettable - 
|-----------------|
|count(member_id) |
|-----------------|
|-----------------|

2024-03-24 22:35:24.053 [http-nio-8080-exec-1] INFO 
				jdbc.resultsettable - 
|---------|-------|--------|-----------|-------------------------------------------------------------|---------|----------------------|
|board_id |writer |subject |content    |passwd                                                       |read_cnt |enroll_at             |
|---------|-------|--------|-----------|-------------------------------------------------------------|---------|----------------------|
|103310   |c      |c       |<p>c</p>
 |$2a$10$x06S4DdwVTv.52R7C4VF1eUCDI0KrcGBAEeVL52BiM9ZG15wmLoE2 |2        |2024-03-24 22:33:54.0 |
|---------|-------|--------|-----------|-------------------------------------------------------------|---------|----------------------|

2024-03-24 22:35:24.057 [http-nio-8080-exec-1] INFO 
				jdbc.resultsettable - 
|---------|
|count(*) |
|---------|
|0        |
|---------|

2024-03-24 22:35:24.059 [http-nio-8080-exec-1] INFO 
				jdbc.resultsettable - 
|---------|-------|--------|-------|----------|---------|
|reply_id |writer |content |passwd |enroll_at |board_id |
|---------|-------|--------|-------|----------|---------|
|---------|-------|--------|-------|----------|---------|

2024-03-24 22:35:26.170 [http-nio-8080-exec-2] INFO 
				jdbc.resultsettable - 
|---------|
|count(*) |
|---------|
|3        |
|---------|

2024-03-24 22:35:26.174 [http-nio-8080-exec-2] INFO 
				jdbc.resultsettable - 
|---------|-------|--------|-----------|-------------------------------------------------------------|---------|----------------------|
|board_id |writer |subject |content    |passwd                                                       |read_cnt |enroll_at             |
|---------|-------|--------|-----------|-------------------------------------------------------------|---------|----------------------|
|103310   |c      |c       |<p>c</p>
 |$2a$10$x06S4DdwVTv.52R7C4VF1eUCDI0KrcGBAEeVL52BiM9ZG15wmLoE2 |2        |2024-03-24 22:33:54.0 |
|103305   |b      |b       |<p>b</p>
 |b                                                            |0        |2024-03-21 12:16:03.0 |
|103304   |a      |a       |<p>a</p>
 |a                                                            |2        |2024-03-21 12:14:43.0 |
|---------|-------|--------|-----------|-------------------------------------------------------------|---------|----------------------|

2024-03-24 22:35:26.726 [http-nio-8080-exec-4] INFO 
				jdbc.resultsettable - 
|---------|
|count(*) |
|---------|
|3        |
|---------|

2024-03-24 22:35:26.730 [http-nio-8080-exec-4] INFO 
				jdbc.resultsettable - 
|---------|-------|--------|-----------|-------------------------------------------------------------|---------|----------------------|
|board_id |writer |subject |content    |passwd                                                       |read_cnt |enroll_at             |
|---------|-------|--------|-----------|-------------------------------------------------------------|---------|----------------------|
|103310   |c      |c       |<p>c</p>
 |$2a$10$x06S4DdwVTv.52R7C4VF1eUCDI0KrcGBAEeVL52BiM9ZG15wmLoE2 |2        |2024-03-24 22:33:54.0 |
|103305   |b      |b       |<p>b</p>
 |b                                                            |0        |2024-03-21 12:16:03.0 |
|103304   |a      |a       |<p>a</p>
 |a                                                            |2        |2024-03-21 12:14:43.0 |
|---------|-------|--------|-----------|-------------------------------------------------------------|---------|----------------------|

2024-03-24 22:35:28.584 [http-nio-8080-exec-6] INFO 
				jdbc.resultsettable - 
|---------|-------|--------|-----------|-------------------------------------------------------------|---------|----------------------|
|board_id |writer |subject |content    |passwd                                                       |read_cnt |enroll_at             |
|---------|-------|--------|-----------|-------------------------------------------------------------|---------|----------------------|
|103310   |c      |c       |<p>c</p>
 |$2a$10$x06S4DdwVTv.52R7C4VF1eUCDI0KrcGBAEeVL52BiM9ZG15wmLoE2 |3        |2024-03-24 22:33:54.0 |
|---------|-------|--------|-----------|-------------------------------------------------------------|---------|----------------------|

2024-03-24 22:35:28.587 [http-nio-8080-exec-6] INFO 
				jdbc.resultsettable - 
|---------|
|count(*) |
|---------|
|0        |
|---------|

2024-03-24 22:35:28.590 [http-nio-8080-exec-6] INFO 
				jdbc.resultsettable - 
|---------|-------|--------|-------|----------|---------|
|reply_id |writer |content |passwd |enroll_at |board_id |
|---------|-------|--------|-------|----------|---------|
|---------|-------|--------|-------|----------|---------|

2024-03-24 22:45:51.900 [http-nio-8080-exec-2] INFO 
				jdbc.resultsettable - 
|---------|-------|--------|-----------|-------------------------------------------------------------|---------|----------------------|
|board_id |writer |subject |content    |passwd                                                       |read_cnt |enroll_at             |
|---------|-------|--------|-----------|-------------------------------------------------------------|---------|----------------------|
|103310   |c      |c       |<p>c</p>
 |$2a$10$x06S4DdwVTv.52R7C4VF1eUCDI0KrcGBAEeVL52BiM9ZG15wmLoE2 |4        |2024-03-24 22:33:54.0 |
|---------|-------|--------|-----------|-------------------------------------------------------------|---------|----------------------|

2024-03-24 22:45:51.903 [http-nio-8080-exec-2] INFO 
				jdbc.resultsettable - 
|---------|
|count(*) |
|---------|
|0        |
|---------|

2024-03-24 22:45:51.904 [http-nio-8080-exec-2] INFO 
				jdbc.resultsettable - 
|---------|-------|--------|-------|----------|---------|
|reply_id |writer |content |passwd |enroll_at |board_id |
|---------|-------|--------|-------|----------|---------|
|---------|-------|--------|-------|----------|---------|

2024-03-24 22:45:52.396 [http-nio-8080-exec-3] INFO 
				jdbc.resultsettable - 
|---------|-------|--------|-----------|-------------------------------------------------------------|---------|----------------------|
|board_id |writer |subject |content    |passwd                                                       |read_cnt |enroll_at             |
|---------|-------|--------|-----------|-------------------------------------------------------------|---------|----------------------|
|103310   |c      |c       |<p>c</p>
 |$2a$10$x06S4DdwVTv.52R7C4VF1eUCDI0KrcGBAEeVL52BiM9ZG15wmLoE2 |5        |2024-03-24 22:33:54.0 |
|---------|-------|--------|-----------|-------------------------------------------------------------|---------|----------------------|

2024-03-24 22:45:52.397 [http-nio-8080-exec-3] INFO 
				jdbc.resultsettable - 
|---------|
|count(*) |
|---------|
|0        |
|---------|

2024-03-24 22:45:52.399 [http-nio-8080-exec-3] INFO 
				jdbc.resultsettable - 
|---------|-------|--------|-------|----------|---------|
|reply_id |writer |content |passwd |enroll_at |board_id |
|---------|-------|--------|-------|----------|---------|
|---------|-------|--------|-------|----------|---------|

2024-03-24 22:45:52.581 [http-nio-8080-exec-4] INFO 
				jdbc.resultsettable - 
|---------|-------|--------|-----------|-------------------------------------------------------------|---------|----------------------|
|board_id |writer |subject |content    |passwd                                                       |read_cnt |enroll_at             |
|---------|-------|--------|-----------|-------------------------------------------------------------|---------|----------------------|
|103310   |c      |c       |<p>c</p>
 |$2a$10$x06S4DdwVTv.52R7C4VF1eUCDI0KrcGBAEeVL52BiM9ZG15wmLoE2 |6        |2024-03-24 22:33:54.0 |
|---------|-------|--------|-----------|-------------------------------------------------------------|---------|----------------------|

2024-03-24 22:45:52.583 [http-nio-8080-exec-4] INFO 
				jdbc.resultsettable - 
|---------|
|count(*) |
|---------|
|0        |
|---------|

2024-03-24 22:45:52.584 [http-nio-8080-exec-4] INFO 
				jdbc.resultsettable - 
|---------|-------|--------|-------|----------|---------|
|reply_id |writer |content |passwd |enroll_at |board_id |
|---------|-------|--------|-------|----------|---------|
|---------|-------|--------|-------|----------|---------|

2024-03-24 22:48:40.195 [http-nio-8080-exec-9] INFO 
				jdbc.resultsettable - 
|---------|-------|--------|-----------|-------------------------------------------------------------|---------|----------------------|
|board_id |writer |subject |content    |passwd                                                       |read_cnt |enroll_at             |
|---------|-------|--------|-----------|-------------------------------------------------------------|---------|----------------------|
|103310   |c      |c       |<p>c</p>
 |$2a$10$x06S4DdwVTv.52R7C4VF1eUCDI0KrcGBAEeVL52BiM9ZG15wmLoE2 |7        |2024-03-24 22:33:54.0 |
|---------|-------|--------|-----------|-------------------------------------------------------------|---------|----------------------|

2024-03-24 22:48:40.198 [http-nio-8080-exec-9] INFO 
				jdbc.resultsettable - 
|---------|
|count(*) |
|---------|
|0        |
|---------|

2024-03-24 22:48:40.201 [http-nio-8080-exec-9] INFO 
				jdbc.resultsettable - 
|---------|-------|--------|-------|----------|---------|
|reply_id |writer |content |passwd |enroll_at |board_id |
|---------|-------|--------|-------|----------|---------|
|---------|-------|--------|-------|----------|---------|

2024-03-24 22:48:41.884 [http-nio-8080-exec-10] INFO 
				jdbc.resultsettable - 
|---------|-------|--------|-----------|-------------------------------------------------------------|---------|----------------------|
|board_id |writer |subject |content    |passwd                                                       |read_cnt |enroll_at             |
|---------|-------|--------|-----------|-------------------------------------------------------------|---------|----------------------|
|103310   |c      |c       |<p>c</p>
 |$2a$10$x06S4DdwVTv.52R7C4VF1eUCDI0KrcGBAEeVL52BiM9ZG15wmLoE2 |8        |2024-03-24 22:33:54.0 |
|---------|-------|--------|-----------|-------------------------------------------------------------|---------|----------------------|

2024-03-24 22:48:41.887 [http-nio-8080-exec-10] INFO 
				jdbc.resultsettable - 
|---------|
|count(*) |
|---------|
|0        |
|---------|

2024-03-24 22:48:41.888 [http-nio-8080-exec-10] INFO 
				jdbc.resultsettable - 
|---------|-------|--------|-------|----------|---------|
|reply_id |writer |content |passwd |enroll_at |board_id |
|---------|-------|--------|-------|----------|---------|
|---------|-------|--------|-------|----------|---------|

2024-03-24 22:48:42.800 [http-nio-8080-exec-1] INFO 
				jdbc.resultsettable - 
|---------|-------|--------|-----------|-------------------------------------------------------------|---------|----------------------|
|board_id |writer |subject |content    |passwd                                                       |read_cnt |enroll_at             |
|---------|-------|--------|-----------|-------------------------------------------------------------|---------|----------------------|
|103310   |c      |c       |<p>c</p>
 |$2a$10$x06S4DdwVTv.52R7C4VF1eUCDI0KrcGBAEeVL52BiM9ZG15wmLoE2 |9        |2024-03-24 22:33:54.0 |
|---------|-------|--------|-----------|-------------------------------------------------------------|---------|----------------------|

2024-03-24 22:48:42.802 [http-nio-8080-exec-1] INFO 
				jdbc.resultsettable - 
|---------|
|count(*) |
|---------|
|0        |
|---------|

2024-03-24 22:48:42.806 [http-nio-8080-exec-1] INFO 
				jdbc.resultsettable - 
|---------|-------|--------|-------|----------|---------|
|reply_id |writer |content |passwd |enroll_at |board_id |
|---------|-------|--------|-------|----------|---------|
|---------|-------|--------|-------|----------|---------|

2024-03-24 23:02:30.779 [http-nio-8080-exec-2] INFO 
				jdbc.resultsettable - 
|---------|-------|--------|-----------|-------------------------------------------------------------|---------|----------------------|
|board_id |writer |subject |content    |passwd                                                       |read_cnt |enroll_at             |
|---------|-------|--------|-----------|-------------------------------------------------------------|---------|----------------------|
|103310   |c      |c       |<p>c</p>
 |$2a$10$x06S4DdwVTv.52R7C4VF1eUCDI0KrcGBAEeVL52BiM9ZG15wmLoE2 |10       |2024-03-24 22:33:54.0 |
|---------|-------|--------|-----------|-------------------------------------------------------------|---------|----------------------|

2024-03-24 23:02:30.784 [http-nio-8080-exec-2] INFO 
				jdbc.resultsettable - 
|---------|
|count(*) |
|---------|
|0        |
|---------|

2024-03-24 23:02:30.786 [http-nio-8080-exec-2] INFO 
				jdbc.resultsettable - 
|---------|-------|--------|-------|----------|---------|
|reply_id |writer |content |passwd |enroll_at |board_id |
|---------|-------|--------|-------|----------|---------|
|---------|-------|--------|-------|----------|---------|

2024-03-24 23:02:31.468 [http-nio-8080-exec-3] INFO 
				jdbc.resultsettable - 
|---------|-------|--------|-----------|-------------------------------------------------------------|---------|----------------------|
|board_id |writer |subject |content    |passwd                                                       |read_cnt |enroll_at             |
|---------|-------|--------|-----------|-------------------------------------------------------------|---------|----------------------|
|103310   |c      |c       |<p>c</p>
 |$2a$10$x06S4DdwVTv.52R7C4VF1eUCDI0KrcGBAEeVL52BiM9ZG15wmLoE2 |11       |2024-03-24 22:33:54.0 |
|---------|-------|--------|-----------|-------------------------------------------------------------|---------|----------------------|

2024-03-24 23:02:31.470 [http-nio-8080-exec-3] INFO 
				jdbc.resultsettable - 
|---------|
|count(*) |
|---------|
|0        |
|---------|

2024-03-24 23:02:31.472 [http-nio-8080-exec-3] INFO 
				jdbc.resultsettable - 
|---------|-------|--------|-------|----------|---------|
|reply_id |writer |content |passwd |enroll_at |board_id |
|---------|-------|--------|-------|----------|---------|
|---------|-------|--------|-------|----------|---------|

2024-03-24 23:03:56.934 [http-nio-8080-exec-5] INFO 
				jdbc.resultsettable - 
|---------|-------|--------|-----------|-------------------------------------------------------------|---------|----------------------|
|board_id |writer |subject |content    |passwd                                                       |read_cnt |enroll_at             |
|---------|-------|--------|-----------|-------------------------------------------------------------|---------|----------------------|
|103310   |c      |c       |<p>c</p>
 |$2a$10$x06S4DdwVTv.52R7C4VF1eUCDI0KrcGBAEeVL52BiM9ZG15wmLoE2 |12       |2024-03-24 22:33:54.0 |
|---------|-------|--------|-----------|-------------------------------------------------------------|---------|----------------------|

2024-03-24 23:03:56.937 [http-nio-8080-exec-5] INFO 
				jdbc.resultsettable - 
|---------|
|count(*) |
|---------|
|1        |
|---------|

2024-03-24 23:03:56.937 [http-nio-8080-exec-5] INFO 
				jdbc.resultsettable - 
|---------|-------|--------|-------------------------------------------------------------|----------------------|---------|
|reply_id |writer |content |passwd                                                       |enroll_at             |board_id |
|---------|-------|--------|-------------------------------------------------------------|----------------------|---------|
|100012   |Q      |Q       |$2a$10$LZ/79wvxDTzlUYUUtDZYeOOuMQc3uXh3AzlIj.az.yJjZld70HWku |2024-03-24 23:03:56.0 |103310   |
|---------|-------|--------|-------------------------------------------------------------|----------------------|---------|

